INFO:     Will watch for changes in these directories: ['C:\\Users\\Yuzai\\PycharmProjects\\MyFastApi\\app']
INFO:     Uvicorn running on http://127.0.0.1:6060 (Press CTRL+C to quit)
INFO:     Started reloader process [16780] using WatchFiles
INFO:     Started server process [4328]
INFO:     Waiting for application startup.
INFO:     Application startup complete.
INFO:     Stopping reloader process [16780]
INFO:     Will watch for changes in these directories: ['C:\\Users\\Yuzai\\PycharmProjects\\MyFastApi\\app']
INFO:     Uvicorn running on http://127.0.0.1:6060 (Press CTRL+C to quit)
INFO:     Started reloader process [17156] using WatchFiles
INFO:     Started server process [20920]
INFO:     Waiting for application startup.
INFO:     Application startup complete.
INFO:     123123
INFO:     2023-02-26 15:28:20,547---127.0.0.1:12107 - "GET / HTTP/1.1" 307 Temporary Redirect
INFO:     2023-02-26 15:28:20,551---127.0.0.1:12107 - "GET /docs HTTP/1.1" 200 OK
INFO:     2023-02-26 15:28:20,707---127.0.0.1:12107 - "GET /openapi.json HTTP/1.1" 200 OK
INFO:     2023-02-26 15:28:27,734---127.0.0.1:12108 - "GET /docs HTTP/1.1" 200 OK
INFO:     2023-02-26 15:28:27,846---127.0.0.1:12108 - "GET /openapi.json HTTP/1.1" 200 OK
INFO:     Stopping reloader process [17156]
INFO:     Will watch for changes in these directories: ['C:\\Users\\Yuzai\\PycharmProjects\\MyFastApi\\app']
INFO:     Uvicorn running on http://127.0.0.1:6060 (Press CTRL+C to quit)
INFO:     Started reloader process [10376] using WatchFiles
INFO:     Started server process [12556]
INFO:     Waiting for application startup.
INFO:     Application startup complete.
INFO:     2023-02-26 15:29:24,212---127.0.0.1:12121 - "GET / HTTP/1.1" 307 Temporary Redirect
INFO:     2023-02-26 15:29:24,216---127.0.0.1:12121 - "GET /docs HTTP/1.1" 200 OK
INFO:     2023-02-26 15:29:24,436---127.0.0.1:12121 - "GET /openapi.json HTTP/1.1" 200 OK
INFO:     Stopping reloader process [10376]
INFO:     Will watch for changes in these directories: ['C:\\Users\\Yuzai\\PycharmProjects\\MyFastApi\\app']
INFO:     Uvicorn running on http://127.0.0.1:6060 (Press CTRL+C to quit)
INFO:     Started reloader process [15832] using WatchFiles
INFO:     Started server process [8336]
INFO:     Waiting for application startup.
INFO:     Application startup complete.
INFO:     12312312312
INFO:     2023-02-26 15:29:50,153---127.0.0.1:12144 - "GET / HTTP/1.1" 307 Temporary Redirect
INFO:     2023-02-26 15:29:50,156---127.0.0.1:12144 - "GET /docs HTTP/1.1" 200 OK
INFO:     2023-02-26 15:29:50,315---127.0.0.1:12144 - "GET /openapi.json HTTP/1.1" 200 OK
INFO:     Shutting down
INFO:     Stopping reloader process [15832]
INFO:     Will watch for changes in these directories: ['C:\\Users\\Yuzai\\PycharmProjects\\MyFastApi\\app']
INFO:     Uvicorn running on http://127.0.0.1:6060 (Press CTRL+C to quit)
INFO:     Started reloader process [6300] using WatchFiles
INFO:     Started server process [22000]
INFO:     Waiting for application startup.
INFO:     Application startup complete.
INFO:     ”–»À∑√Œ api“≥√Ê
INFO:     2023-02-26 15:31:00,603---127.0.0.1:12166 - "GET / HTTP/1.1" 307 Temporary Redirect
INFO:     2023-02-26 15:31:00,608---127.0.0.1:12166 - "GET /docs HTTP/1.1" 200 OK
INFO:     2023-02-26 15:31:00,768---127.0.0.1:12166 - "GET /openapi.json HTTP/1.1" 200 OK
INFO:     Stopping reloader process [6300]
INFO:     2023-02-26 15:32:23,732-Will watch for changes in these directories: ['C:\\Users\\Yuzai\\PycharmProjects\\MyFastApi\\app']
INFO:     2023-02-26 15:32:23,733-Uvicorn running on http://127.0.0.1:6060 (Press CTRL+C to quit)
INFO:     2023-02-26 15:32:23,733-Started reloader process [12504] using WatchFiles
INFO:     2023-02-26 15:32:24,621-Started server process [13472]
INFO:     2023-02-26 15:32:24,622-Waiting for application startup.
INFO:     2023-02-26 15:32:24,622-Application startup complete.
INFO:     2023-02-26 15:32:30,377-Stopping reloader process [12504]
INFO:     2023-02-26 15:32:31,509---Will watch for changes in these directories: ['C:\\Users\\Yuzai\\PycharmProjects\\MyFastApi\\app']
INFO:     2023-02-26 15:32:31,510---Uvicorn running on http://127.0.0.1:6060 (Press CTRL+C to quit)
INFO:     2023-02-26 15:32:31,510---Started reloader process [15248] using WatchFiles
INFO:     2023-02-26 15:32:32,415---Started server process [11964]
INFO:     2023-02-26 15:32:32,416---Waiting for application startup.
INFO:     2023-02-26 15:32:32,416---Application startup complete.
INFO:     2023-02-26 15:32:41,127---127.0.0.1:12191 - "GET /docs HTTP/1.1" 200 OK
INFO:     2023-02-26 15:32:41,275---127.0.0.1:12191 - "GET /openapi.json HTTP/1.1" 200 OK
INFO:     2023-02-26 15:32:44,471---”–»À∑√Œ api“≥√Ê
INFO:     2023-02-26 15:32:44,472---127.0.0.1:12191 - "GET / HTTP/1.1" 307 Temporary Redirect
INFO:     2023-02-26 15:32:44,478---127.0.0.1:12191 - "GET /docs HTTP/1.1" 200 OK
INFO:     2023-02-26 15:32:44,752---127.0.0.1:12191 - "GET /openapi.json HTTP/1.1" 200 OK
INFO:     2023-02-26 15:32:46,830---”–»À∑√Œ api“≥√Ê
INFO:     2023-02-26 15:32:46,832---127.0.0.1:12191 - "GET / HTTP/1.1" 307 Temporary Redirect
INFO:     2023-02-26 15:32:46,840---127.0.0.1:12191 - "GET /docs HTTP/1.1" 200 OK
INFO:     2023-02-26 15:32:46,984---127.0.0.1:12191 - "GET /openapi.json HTTP/1.1" 200 OK
INFO:     2023-02-26 15:32:48,882---127.0.0.1:12191 - "GET /docs HTTP/1.1" 200 OK
INFO:     2023-02-26 15:32:48,992---127.0.0.1:12191 - "GET /openapi.json HTTP/1.1" 200 OK
INFO:     2023-02-26 15:32:49,944---127.0.0.1:12191 - "GET /docs HTTP/1.1" 200 OK
INFO:     2023-02-26 15:32:50,048---127.0.0.1:12191 - "GET /openapi.json HTTP/1.1" 200 OK
INFO:     2023-02-26 15:32:56,188---127.0.0.1:12207 - "GET /docs HTTP/1.1" 200 OK
INFO:     2023-02-26 15:32:56,321---127.0.0.1:12207 - "GET /swagger/swagger-ui.css HTTP/1.1" 200 OK
INFO:     2023-02-26 15:32:56,322---127.0.0.1:12211 - "GET /swagger/swagger-ui-bundle.js HTTP/1.1" 200 OK
INFO:     2023-02-26 15:32:56,464---127.0.0.1:12211 - "GET /openapi.json HTTP/1.1" 200 OK
INFO:     2023-02-26 15:33:08,356---127.0.0.1:12264 - "GET /docs HTTP/1.1" 200 OK
INFO:     2023-02-26 15:33:08,385---127.0.0.1:12264 - "GET /swagger/swagger-ui.css HTTP/1.1" 200 OK
INFO:     2023-02-26 15:33:08,386---127.0.0.1:12269 - "GET /swagger/swagger-ui-bundle.js HTTP/1.1" 200 OK
INFO:     2023-02-26 15:33:08,506---127.0.0.1:12269 - "GET /openapi.json HTTP/1.1" 200 OK
WARNING:  2023-02-26 15:33:38,104---WatchFiles detected changes in 'api\UserApi.py'. Reloading...
INFO:     2023-02-26 15:33:39,415---Started server process [17904]
INFO:     2023-02-26 15:33:39,416---Waiting for application startup.
INFO:     2023-02-26 15:33:39,417---Application startup complete.
INFO:     2023-02-26 15:33:39,471---127.0.0.1:12364 - "GET /docs HTTP/1.1" 200 OK
INFO:     2023-02-26 15:33:39,631---127.0.0.1:12364 - "GET /openapi.json HTTP/1.1" 200 OK
INFO:     2023-02-26 15:33:43,537---”–»À∑√Œ ◊¢≤·¡À
INFO:     2023-02-26 15:33:43,564---127.0.0.1:12364 - "POST /user/register HTTP/1.1" 200 OK
INFO:     2023-02-26 15:33:45,093---”–»À∑√Œ ◊¢≤·¡À
INFO:     2023-02-26 15:33:45,097---127.0.0.1:12364 - "POST /user/register HTTP/1.1" 200 OK
INFO:     2023-02-26 15:33:49,215---”–»À∑√Œ ◊¢≤·¡À
INFO:     2023-02-26 15:33:49,219---127.0.0.1:12364 - "POST /user/register HTTP/1.1" 200 OK
INFO:     2023-02-26 15:33:51,779---”–»À∑√Œ ◊¢≤·¡À
INFO:     2023-02-26 15:33:51,783---127.0.0.1:12364 - "POST /user/register HTTP/1.1" 200 OK
INFO:     2023-02-26 15:33:57,096---Shutting down
INFO:     2023-02-26 15:33:57,120---Stopping reloader process [15248]
INFO:     2023-02-26 15:40:54,546---Will watch for changes in these directories: ['/Users/zly/Desktop/mygit/MyFastApi/app']
INFO:     2023-02-26 15:40:54,546---Uvicorn running on http://127.0.0.1:6060 (Press CTRL+C to quit)
INFO:     2023-02-26 15:40:54,546---Started reloader process [1562] using StatReload
INFO:     2023-02-26 15:40:54,842---Started server process [1564]
INFO:     2023-02-26 15:40:54,842---Waiting for application startup.
INFO:     2023-02-26 15:40:54,842---Application startup complete.
INFO:     2023-02-26 15:40:59,261---Êúâ‰∫∫ËÆøÈóÆapiÈ°µÈù¢
INFO:     2023-02-26 15:40:59,262---127.0.0.1:51514 - "GET / HTTP/1.1" 307 Temporary Redirect
INFO:     2023-02-26 15:40:59,265---127.0.0.1:51514 - "GET /docs HTTP/1.1" 200 OK
INFO:     2023-02-26 15:40:59,283---127.0.0.1:51515 - "GET /swagger/swagger-ui.css HTTP/1.1" 304 Not Modified
INFO:     2023-02-26 15:40:59,286---127.0.0.1:51514 - "GET /swagger/swagger-ui-bundle.js HTTP/1.1" 304 Not Modified
INFO:     2023-02-26 15:40:59,357---127.0.0.1:51514 - "GET /openapi.json HTTP/1.1" 200 OK
INFO:     2023-02-26 15:41:03,777---127.0.0.1:51514 - "GET /docs HTTP/1.1" 200 OK
INFO:     2023-02-26 15:41:03,810---127.0.0.1:51514 - "GET /openapi.json HTTP/1.1" 200 OK
INFO:     2023-02-26 15:41:09,120---127.0.0.1:51580 - "POST /user/userinfo HTTP/1.1" 401 Unauthorized
INFO:     2023-02-26 15:41:10,725---127.0.0.1:51580 - "POST /user/userinfo HTTP/1.1" 401 Unauthorized
INFO:     2023-02-26 15:41:15,309---127.0.0.1:51580 - "POST /user/userinfo HTTP/1.1" 401 Unauthorized
INFO:     2023-02-26 15:41:17,712---127.0.0.1:51580 - "POST /user/userinfo HTTP/1.1" 401 Unauthorized
INFO:     2023-02-26 15:41:37,951---Êúâ‰∫∫ËÆøÈóÆÊ≥®ÂÜå‰∫Ü
INFO:     2023-02-26 15:41:38,014---127.0.0.1:51629 - "POST /user/register HTTP/1.1" 200 OK
INFO:     2023-02-26 15:41:44,162---127.0.0.1:51633 - "POST /user/login HTTP/1.1" 200 OK
INFO:     2023-02-26 15:41:44,184---127.0.0.1:51633 - "POST /user/userinfo HTTP/1.1" 200 OK
INFO:     2023-02-26 17:38:23,153---Started server process [1715]
INFO:     2023-02-26 17:38:23,154---Waiting for application startup.
INFO:     2023-02-26 17:38:23,154---Application startup complete.
INFO:     2023-02-26 17:38:35,797---Shutting down
INFO:     2023-02-26 17:38:35,899---Waiting for application shutdown.
INFO:     2023-02-26 17:38:35,900---Application shutdown complete.
INFO:     2023-02-26 17:38:35,900---Finished server process [1715]
INFO:     2023-02-26 17:38:36,499---Will watch for changes in these directories: ['/Users/zly/Desktop/mygit/MyFastApi/app']
INFO:     2023-02-26 17:38:36,499---Uvicorn running on http://127.0.0.1:6060 (Press CTRL+C to quit)
INFO:     2023-02-26 17:38:36,499---Started reloader process [1781] using StatReload
INFO:     2023-02-26 17:38:36,813---Started server process [1783]
INFO:     2023-02-26 17:38:36,813---Waiting for application startup.
INFO:     2023-02-26 17:38:36,813---Application startup complete.
INFO:     2023-02-26 17:38:52,715---127.0.0.1:51898 - "POST /user/login HTTP/1.1" 200 OK
INFO:     2023-02-26 17:38:52,736---127.0.0.1:51898 - "POST /user/userinfo HTTP/1.1" 500 Internal Server Error
ERROR:    2023-02-26 17:38:52,736---Exception in ASGI application
Traceback (most recent call last):
  File "/Library/Frameworks/Python.framework/Versions/3.9/lib/python3.9/site-packages/uvicorn/protocols/http/h11_impl.py", line 407, in run_asgi
    result = await app(  # type: ignore[func-returns-value]
  File "/Library/Frameworks/Python.framework/Versions/3.9/lib/python3.9/site-packages/uvicorn/middleware/proxy_headers.py", line 78, in __call__
    return await self.app(scope, receive, send)
  File "/Library/Frameworks/Python.framework/Versions/3.9/lib/python3.9/site-packages/fastapi/applications.py", line 270, in __call__
    await super().__call__(scope, receive, send)
  File "/Library/Frameworks/Python.framework/Versions/3.9/lib/python3.9/site-packages/starlette/applications.py", line 124, in __call__
    await self.middleware_stack(scope, receive, send)
  File "/Library/Frameworks/Python.framework/Versions/3.9/lib/python3.9/site-packages/starlette/middleware/errors.py", line 184, in __call__
    raise exc
  File "/Library/Frameworks/Python.framework/Versions/3.9/lib/python3.9/site-packages/starlette/middleware/errors.py", line 162, in __call__
    await self.app(scope, receive, _send)
  File "/Library/Frameworks/Python.framework/Versions/3.9/lib/python3.9/site-packages/starlette/middleware/cors.py", line 92, in __call__
    await self.simple_response(scope, receive, send, request_headers=headers)
  File "/Library/Frameworks/Python.framework/Versions/3.9/lib/python3.9/site-packages/starlette/middleware/cors.py", line 147, in simple_response
    await self.app(scope, receive, send)
  File "/Library/Frameworks/Python.framework/Versions/3.9/lib/python3.9/site-packages/starlette/middleware/exceptions.py", line 79, in __call__
    raise exc
  File "/Library/Frameworks/Python.framework/Versions/3.9/lib/python3.9/site-packages/starlette/middleware/exceptions.py", line 68, in __call__
    await self.app(scope, receive, sender)
  File "/Library/Frameworks/Python.framework/Versions/3.9/lib/python3.9/site-packages/fastapi/middleware/asyncexitstack.py", line 21, in __call__
    raise e
  File "/Library/Frameworks/Python.framework/Versions/3.9/lib/python3.9/site-packages/fastapi/middleware/asyncexitstack.py", line 18, in __call__
    await self.app(scope, receive, send)
  File "/Library/Frameworks/Python.framework/Versions/3.9/lib/python3.9/site-packages/starlette/routing.py", line 706, in __call__
    await route.handle(scope, receive, send)
  File "/Library/Frameworks/Python.framework/Versions/3.9/lib/python3.9/site-packages/starlette/routing.py", line 276, in handle
    await self.app(scope, receive, send)
  File "/Library/Frameworks/Python.framework/Versions/3.9/lib/python3.9/site-packages/starlette/routing.py", line 66, in app
    response = await func(request)
  File "/Library/Frameworks/Python.framework/Versions/3.9/lib/python3.9/site-packages/fastapi/routing.py", line 235, in app
    raw_response = await run_endpoint_function(
  File "/Library/Frameworks/Python.framework/Versions/3.9/lib/python3.9/site-packages/fastapi/routing.py", line 163, in run_endpoint_function
    return await run_in_threadpool(dependant.call, **values)
  File "/Library/Frameworks/Python.framework/Versions/3.9/lib/python3.9/site-packages/starlette/concurrency.py", line 41, in run_in_threadpool
    return await anyio.to_thread.run_sync(func, *args)
  File "/Library/Frameworks/Python.framework/Versions/3.9/lib/python3.9/site-packages/anyio/to_thread.py", line 31, in run_sync
    return await get_asynclib().run_sync_in_worker_thread(
  File "/Library/Frameworks/Python.framework/Versions/3.9/lib/python3.9/site-packages/anyio/_backends/_asyncio.py", line 937, in run_sync_in_worker_thread
    return await future
  File "/Library/Frameworks/Python.framework/Versions/3.9/lib/python3.9/site-packages/anyio/_backends/_asyncio.py", line 867, in run
    result = context.run(func, *args)
  File "/Users/zly/Desktop/mygit/MyFastApi/app/api/UserApi.py", line 128, in userinfo
    user_res = UserInfo(username=user.username, sex=user.sex, avatar=user.avatar, signature=user.signature,
  File "pydantic/main.py", line 342, in pydantic.main.BaseModel.__init__
pydantic.error_wrappers.ValidationError: 2 validation errors for UserInfo
avatar
  none is not an allowed value (type=type_error.none.not_allowed)
signature
  none is not an allowed value (type=type_error.none.not_allowed)
INFO:     2023-02-26 17:38:55,417---127.0.0.1:51901 - "POST /user/userinfo HTTP/1.1" 500 Internal Server Error
ERROR:    2023-02-26 17:38:55,418---Exception in ASGI application
Traceback (most recent call last):
  File "/Library/Frameworks/Python.framework/Versions/3.9/lib/python3.9/site-packages/uvicorn/protocols/http/h11_impl.py", line 407, in run_asgi
    result = await app(  # type: ignore[func-returns-value]
  File "/Library/Frameworks/Python.framework/Versions/3.9/lib/python3.9/site-packages/uvicorn/middleware/proxy_headers.py", line 78, in __call__
    return await self.app(scope, receive, send)
  File "/Library/Frameworks/Python.framework/Versions/3.9/lib/python3.9/site-packages/fastapi/applications.py", line 270, in __call__
    await super().__call__(scope, receive, send)
  File "/Library/Frameworks/Python.framework/Versions/3.9/lib/python3.9/site-packages/starlette/applications.py", line 124, in __call__
    await self.middleware_stack(scope, receive, send)
  File "/Library/Frameworks/Python.framework/Versions/3.9/lib/python3.9/site-packages/starlette/middleware/errors.py", line 184, in __call__
    raise exc
  File "/Library/Frameworks/Python.framework/Versions/3.9/lib/python3.9/site-packages/starlette/middleware/errors.py", line 162, in __call__
    await self.app(scope, receive, _send)
  File "/Library/Frameworks/Python.framework/Versions/3.9/lib/python3.9/site-packages/starlette/middleware/cors.py", line 92, in __call__
    await self.simple_response(scope, receive, send, request_headers=headers)
  File "/Library/Frameworks/Python.framework/Versions/3.9/lib/python3.9/site-packages/starlette/middleware/cors.py", line 147, in simple_response
    await self.app(scope, receive, send)
  File "/Library/Frameworks/Python.framework/Versions/3.9/lib/python3.9/site-packages/starlette/middleware/exceptions.py", line 79, in __call__
    raise exc
  File "/Library/Frameworks/Python.framework/Versions/3.9/lib/python3.9/site-packages/starlette/middleware/exceptions.py", line 68, in __call__
    await self.app(scope, receive, sender)
  File "/Library/Frameworks/Python.framework/Versions/3.9/lib/python3.9/site-packages/fastapi/middleware/asyncexitstack.py", line 21, in __call__
    raise e
  File "/Library/Frameworks/Python.framework/Versions/3.9/lib/python3.9/site-packages/fastapi/middleware/asyncexitstack.py", line 18, in __call__
    await self.app(scope, receive, send)
  File "/Library/Frameworks/Python.framework/Versions/3.9/lib/python3.9/site-packages/starlette/routing.py", line 706, in __call__
    await route.handle(scope, receive, send)
  File "/Library/Frameworks/Python.framework/Versions/3.9/lib/python3.9/site-packages/starlette/routing.py", line 276, in handle
    await self.app(scope, receive, send)
  File "/Library/Frameworks/Python.framework/Versions/3.9/lib/python3.9/site-packages/starlette/routing.py", line 66, in app
    response = await func(request)
  File "/Library/Frameworks/Python.framework/Versions/3.9/lib/python3.9/site-packages/fastapi/routing.py", line 235, in app
    raw_response = await run_endpoint_function(
  File "/Library/Frameworks/Python.framework/Versions/3.9/lib/python3.9/site-packages/fastapi/routing.py", line 163, in run_endpoint_function
    return await run_in_threadpool(dependant.call, **values)
  File "/Library/Frameworks/Python.framework/Versions/3.9/lib/python3.9/site-packages/starlette/concurrency.py", line 41, in run_in_threadpool
    return await anyio.to_thread.run_sync(func, *args)
  File "/Library/Frameworks/Python.framework/Versions/3.9/lib/python3.9/site-packages/anyio/to_thread.py", line 31, in run_sync
    return await get_asynclib().run_sync_in_worker_thread(
  File "/Library/Frameworks/Python.framework/Versions/3.9/lib/python3.9/site-packages/anyio/_backends/_asyncio.py", line 937, in run_sync_in_worker_thread
    return await future
  File "/Library/Frameworks/Python.framework/Versions/3.9/lib/python3.9/site-packages/anyio/_backends/_asyncio.py", line 867, in run
    result = context.run(func, *args)
  File "/Users/zly/Desktop/mygit/MyFastApi/app/api/UserApi.py", line 128, in userinfo
    user_res = UserInfo(username=user.username, sex=user.sex, avatar=user.avatar, signature=user.signature,
  File "pydantic/main.py", line 342, in pydantic.main.BaseModel.__init__
pydantic.error_wrappers.ValidationError: 2 validation errors for UserInfo
avatar
  none is not an allowed value (type=type_error.none.not_allowed)
signature
  none is not an allowed value (type=type_error.none.not_allowed)
INFO:     2023-02-26 17:39:51,588---Shutting down
INFO:     2023-02-26 17:39:51,690---Waiting for application shutdown.
INFO:     2023-02-26 17:39:51,691---Application shutdown complete.
INFO:     2023-02-26 17:39:51,691---Finished server process [1783]
INFO:     2023-02-26 17:39:51,747---Stopping reloader process [1781]
INFO:     2023-02-26 17:39:52,293---Will watch for changes in these directories: ['/Users/zly/Desktop/mygit/MyFastApi/app']
INFO:     2023-02-26 17:39:52,293---Uvicorn running on http://127.0.0.1:6060 (Press CTRL+C to quit)
INFO:     2023-02-26 17:39:52,293---Started reloader process [1826] using StatReload
INFO:     2023-02-26 17:39:52,727---Started server process [1828]
INFO:     2023-02-26 17:39:52,727---Waiting for application startup.
INFO:     2023-02-26 17:39:52,729---Application startup complete.
INFO:     2023-02-26 17:39:54,979---127.0.0.1:52137 - "OPTIONS /user/get_all_users_count HTTP/1.1" 200 OK
INFO:     2023-02-26 17:39:55,037---127.0.0.1:52137 - "POST /user/get_all_users_count HTTP/1.1" 200 OK
INFO:     2023-02-26 17:40:05,932---127.0.0.1:52193 - "POST /user/userinfo HTTP/1.1" 500 Internal Server Error
ERROR:    2023-02-26 17:40:05,934---Exception in ASGI application
Traceback (most recent call last):
  File "/Library/Frameworks/Python.framework/Versions/3.9/lib/python3.9/site-packages/uvicorn/protocols/http/h11_impl.py", line 407, in run_asgi
    result = await app(  # type: ignore[func-returns-value]
  File "/Library/Frameworks/Python.framework/Versions/3.9/lib/python3.9/site-packages/uvicorn/middleware/proxy_headers.py", line 78, in __call__
    return await self.app(scope, receive, send)
  File "/Library/Frameworks/Python.framework/Versions/3.9/lib/python3.9/site-packages/fastapi/applications.py", line 270, in __call__
    await super().__call__(scope, receive, send)
  File "/Library/Frameworks/Python.framework/Versions/3.9/lib/python3.9/site-packages/starlette/applications.py", line 124, in __call__
    await self.middleware_stack(scope, receive, send)
  File "/Library/Frameworks/Python.framework/Versions/3.9/lib/python3.9/site-packages/starlette/middleware/errors.py", line 184, in __call__
    raise exc
  File "/Library/Frameworks/Python.framework/Versions/3.9/lib/python3.9/site-packages/starlette/middleware/errors.py", line 162, in __call__
    await self.app(scope, receive, _send)
  File "/Library/Frameworks/Python.framework/Versions/3.9/lib/python3.9/site-packages/starlette/middleware/cors.py", line 92, in __call__
    await self.simple_response(scope, receive, send, request_headers=headers)
  File "/Library/Frameworks/Python.framework/Versions/3.9/lib/python3.9/site-packages/starlette/middleware/cors.py", line 147, in simple_response
    await self.app(scope, receive, send)
  File "/Library/Frameworks/Python.framework/Versions/3.9/lib/python3.9/site-packages/starlette/middleware/exceptions.py", line 79, in __call__
    raise exc
  File "/Library/Frameworks/Python.framework/Versions/3.9/lib/python3.9/site-packages/starlette/middleware/exceptions.py", line 68, in __call__
    await self.app(scope, receive, sender)
  File "/Library/Frameworks/Python.framework/Versions/3.9/lib/python3.9/site-packages/fastapi/middleware/asyncexitstack.py", line 21, in __call__
    raise e
  File "/Library/Frameworks/Python.framework/Versions/3.9/lib/python3.9/site-packages/fastapi/middleware/asyncexitstack.py", line 18, in __call__
    await self.app(scope, receive, send)
  File "/Library/Frameworks/Python.framework/Versions/3.9/lib/python3.9/site-packages/starlette/routing.py", line 706, in __call__
    await route.handle(scope, receive, send)
  File "/Library/Frameworks/Python.framework/Versions/3.9/lib/python3.9/site-packages/starlette/routing.py", line 276, in handle
    await self.app(scope, receive, send)
  File "/Library/Frameworks/Python.framework/Versions/3.9/lib/python3.9/site-packages/starlette/routing.py", line 66, in app
    response = await func(request)
  File "/Library/Frameworks/Python.framework/Versions/3.9/lib/python3.9/site-packages/fastapi/routing.py", line 235, in app
    raw_response = await run_endpoint_function(
  File "/Library/Frameworks/Python.framework/Versions/3.9/lib/python3.9/site-packages/fastapi/routing.py", line 163, in run_endpoint_function
    return await run_in_threadpool(dependant.call, **values)
  File "/Library/Frameworks/Python.framework/Versions/3.9/lib/python3.9/site-packages/starlette/concurrency.py", line 41, in run_in_threadpool
    return await anyio.to_thread.run_sync(func, *args)
  File "/Library/Frameworks/Python.framework/Versions/3.9/lib/python3.9/site-packages/anyio/to_thread.py", line 31, in run_sync
    return await get_asynclib().run_sync_in_worker_thread(
  File "/Library/Frameworks/Python.framework/Versions/3.9/lib/python3.9/site-packages/anyio/_backends/_asyncio.py", line 937, in run_sync_in_worker_thread
    return await future
  File "/Library/Frameworks/Python.framework/Versions/3.9/lib/python3.9/site-packages/anyio/_backends/_asyncio.py", line 867, in run
    result = context.run(func, *args)
  File "/Users/zly/Desktop/mygit/MyFastApi/app/api/UserApi.py", line 128, in userinfo
    user_res = UserInfo(username=user.username, sex=user.sex, avatar=user.avatar, signature=user.signature,
  File "pydantic/main.py", line 342, in pydantic.main.BaseModel.__init__
pydantic.error_wrappers.ValidationError: 2 validation errors for UserInfo
avatar
  none is not an allowed value (type=type_error.none.not_allowed)
signature
  none is not an allowed value (type=type_error.none.not_allowed)
INFO:     2023-02-26 17:40:16,666---127.0.0.1:52246 - "GET /docs HTTP/1.1" 200 OK
INFO:     2023-02-26 17:40:16,764---127.0.0.1:52246 - "GET /openapi.json HTTP/1.1" 200 OK
INFO:     2023-02-26 17:40:24,483---127.0.0.1:52247 - "POST /user/token HTTP/1.1" 200 OK
INFO:     2023-02-26 17:40:28,785---127.0.0.1:52247 - "POST /user/userinfo HTTP/1.1" 500 Internal Server Error
ERROR:    2023-02-26 17:40:28,785---Exception in ASGI application
Traceback (most recent call last):
  File "/Library/Frameworks/Python.framework/Versions/3.9/lib/python3.9/site-packages/uvicorn/protocols/http/h11_impl.py", line 407, in run_asgi
    result = await app(  # type: ignore[func-returns-value]
  File "/Library/Frameworks/Python.framework/Versions/3.9/lib/python3.9/site-packages/uvicorn/middleware/proxy_headers.py", line 78, in __call__
    return await self.app(scope, receive, send)
  File "/Library/Frameworks/Python.framework/Versions/3.9/lib/python3.9/site-packages/fastapi/applications.py", line 270, in __call__
    await super().__call__(scope, receive, send)
  File "/Library/Frameworks/Python.framework/Versions/3.9/lib/python3.9/site-packages/starlette/applications.py", line 124, in __call__
    await self.middleware_stack(scope, receive, send)
  File "/Library/Frameworks/Python.framework/Versions/3.9/lib/python3.9/site-packages/starlette/middleware/errors.py", line 184, in __call__
    raise exc
  File "/Library/Frameworks/Python.framework/Versions/3.9/lib/python3.9/site-packages/starlette/middleware/errors.py", line 162, in __call__
    await self.app(scope, receive, _send)
  File "/Library/Frameworks/Python.framework/Versions/3.9/lib/python3.9/site-packages/starlette/middleware/cors.py", line 92, in __call__
    await self.simple_response(scope, receive, send, request_headers=headers)
  File "/Library/Frameworks/Python.framework/Versions/3.9/lib/python3.9/site-packages/starlette/middleware/cors.py", line 147, in simple_response
    await self.app(scope, receive, send)
  File "/Library/Frameworks/Python.framework/Versions/3.9/lib/python3.9/site-packages/starlette/middleware/exceptions.py", line 79, in __call__
    raise exc
  File "/Library/Frameworks/Python.framework/Versions/3.9/lib/python3.9/site-packages/starlette/middleware/exceptions.py", line 68, in __call__
    await self.app(scope, receive, sender)
  File "/Library/Frameworks/Python.framework/Versions/3.9/lib/python3.9/site-packages/fastapi/middleware/asyncexitstack.py", line 21, in __call__
    raise e
  File "/Library/Frameworks/Python.framework/Versions/3.9/lib/python3.9/site-packages/fastapi/middleware/asyncexitstack.py", line 18, in __call__
    await self.app(scope, receive, send)
  File "/Library/Frameworks/Python.framework/Versions/3.9/lib/python3.9/site-packages/starlette/routing.py", line 706, in __call__
    await route.handle(scope, receive, send)
  File "/Library/Frameworks/Python.framework/Versions/3.9/lib/python3.9/site-packages/starlette/routing.py", line 276, in handle
    await self.app(scope, receive, send)
  File "/Library/Frameworks/Python.framework/Versions/3.9/lib/python3.9/site-packages/starlette/routing.py", line 66, in app
    response = await func(request)
  File "/Library/Frameworks/Python.framework/Versions/3.9/lib/python3.9/site-packages/fastapi/routing.py", line 235, in app
    raw_response = await run_endpoint_function(
  File "/Library/Frameworks/Python.framework/Versions/3.9/lib/python3.9/site-packages/fastapi/routing.py", line 163, in run_endpoint_function
    return await run_in_threadpool(dependant.call, **values)
  File "/Library/Frameworks/Python.framework/Versions/3.9/lib/python3.9/site-packages/starlette/concurrency.py", line 41, in run_in_threadpool
    return await anyio.to_thread.run_sync(func, *args)
  File "/Library/Frameworks/Python.framework/Versions/3.9/lib/python3.9/site-packages/anyio/to_thread.py", line 31, in run_sync
    return await get_asynclib().run_sync_in_worker_thread(
  File "/Library/Frameworks/Python.framework/Versions/3.9/lib/python3.9/site-packages/anyio/_backends/_asyncio.py", line 937, in run_sync_in_worker_thread
    return await future
  File "/Library/Frameworks/Python.framework/Versions/3.9/lib/python3.9/site-packages/anyio/_backends/_asyncio.py", line 867, in run
    result = context.run(func, *args)
  File "/Users/zly/Desktop/mygit/MyFastApi/app/api/UserApi.py", line 128, in userinfo
    user_res = UserInfo(username=user.username, sex=user.sex, avatar=user.avatar, signature=user.signature,
  File "pydantic/main.py", line 342, in pydantic.main.BaseModel.__init__
pydantic.error_wrappers.ValidationError: 2 validation errors for UserInfo
avatar
  none is not an allowed value (type=type_error.none.not_allowed)
signature
  none is not an allowed value (type=type_error.none.not_allowed)
INFO:     2023-02-26 17:41:47,138---Shutting down
INFO:     2023-02-26 17:41:47,242---Waiting for application shutdown.
INFO:     2023-02-26 17:41:47,243---Application shutdown complete.
INFO:     2023-02-26 17:41:47,243---Finished server process [1828]
INFO:     2023-02-26 17:41:47,333---Stopping reloader process [1826]
INFO:     2023-02-26 17:41:47,853---Will watch for changes in these directories: ['/Users/zly/Desktop/mygit/MyFastApi/app']
INFO:     2023-02-26 17:41:47,853---Uvicorn running on http://127.0.0.1:6060 (Press CTRL+C to quit)
INFO:     2023-02-26 17:41:47,853---Started reloader process [1876] using StatReload
INFO:     2023-02-26 17:41:48,184---Started server process [1878]
INFO:     2023-02-26 17:41:48,184---Waiting for application startup.
INFO:     2023-02-26 17:41:48,184---Application startup complete.
INFO:     2023-02-26 17:42:03,309---127.0.0.1:52701 - "OPTIONS /user/register HTTP/1.1" 200 OK
INFO:     2023-02-26 17:42:03,323---Êúâ‰∫∫ËÆøÈóÆÊ≥®ÂÜå‰∫Ü
INFO:     2023-02-26 17:42:03,355---127.0.0.1:52701 - "POST /user/register HTTP/1.1" 200 OK
INFO:     2023-02-26 17:42:08,780---127.0.0.1:52726 - "OPTIONS /user/login HTTP/1.1" 200 OK
INFO:     2023-02-26 17:42:08,810---127.0.0.1:52726 - "POST /user/login HTTP/1.1" 200 OK
INFO:     2023-02-26 17:42:08,824---127.0.0.1:52726 - "OPTIONS /user/userinfo HTTP/1.1" 200 OK
INFO:     2023-02-26 17:42:08,837---127.0.0.1:52726 - "POST /user/userinfo HTTP/1.1" 500 Internal Server Error
ERROR:    2023-02-26 17:42:08,838---Exception in ASGI application
Traceback (most recent call last):
  File "/Library/Frameworks/Python.framework/Versions/3.9/lib/python3.9/site-packages/uvicorn/protocols/http/h11_impl.py", line 407, in run_asgi
    result = await app(  # type: ignore[func-returns-value]
  File "/Library/Frameworks/Python.framework/Versions/3.9/lib/python3.9/site-packages/uvicorn/middleware/proxy_headers.py", line 78, in __call__
    return await self.app(scope, receive, send)
  File "/Library/Frameworks/Python.framework/Versions/3.9/lib/python3.9/site-packages/fastapi/applications.py", line 270, in __call__
    await super().__call__(scope, receive, send)
  File "/Library/Frameworks/Python.framework/Versions/3.9/lib/python3.9/site-packages/starlette/applications.py", line 124, in __call__
    await self.middleware_stack(scope, receive, send)
  File "/Library/Frameworks/Python.framework/Versions/3.9/lib/python3.9/site-packages/starlette/middleware/errors.py", line 184, in __call__
    raise exc
  File "/Library/Frameworks/Python.framework/Versions/3.9/lib/python3.9/site-packages/starlette/middleware/errors.py", line 162, in __call__
    await self.app(scope, receive, _send)
  File "/Library/Frameworks/Python.framework/Versions/3.9/lib/python3.9/site-packages/starlette/middleware/cors.py", line 92, in __call__
    await self.simple_response(scope, receive, send, request_headers=headers)
  File "/Library/Frameworks/Python.framework/Versions/3.9/lib/python3.9/site-packages/starlette/middleware/cors.py", line 147, in simple_response
    await self.app(scope, receive, send)
  File "/Library/Frameworks/Python.framework/Versions/3.9/lib/python3.9/site-packages/starlette/middleware/exceptions.py", line 79, in __call__
    raise exc
  File "/Library/Frameworks/Python.framework/Versions/3.9/lib/python3.9/site-packages/starlette/middleware/exceptions.py", line 68, in __call__
    await self.app(scope, receive, sender)
  File "/Library/Frameworks/Python.framework/Versions/3.9/lib/python3.9/site-packages/fastapi/middleware/asyncexitstack.py", line 21, in __call__
    raise e
  File "/Library/Frameworks/Python.framework/Versions/3.9/lib/python3.9/site-packages/fastapi/middleware/asyncexitstack.py", line 18, in __call__
    await self.app(scope, receive, send)
  File "/Library/Frameworks/Python.framework/Versions/3.9/lib/python3.9/site-packages/starlette/routing.py", line 706, in __call__
    await route.handle(scope, receive, send)
  File "/Library/Frameworks/Python.framework/Versions/3.9/lib/python3.9/site-packages/starlette/routing.py", line 276, in handle
    await self.app(scope, receive, send)
  File "/Library/Frameworks/Python.framework/Versions/3.9/lib/python3.9/site-packages/starlette/routing.py", line 66, in app
    response = await func(request)
  File "/Library/Frameworks/Python.framework/Versions/3.9/lib/python3.9/site-packages/fastapi/routing.py", line 235, in app
    raw_response = await run_endpoint_function(
  File "/Library/Frameworks/Python.framework/Versions/3.9/lib/python3.9/site-packages/fastapi/routing.py", line 163, in run_endpoint_function
    return await run_in_threadpool(dependant.call, **values)
  File "/Library/Frameworks/Python.framework/Versions/3.9/lib/python3.9/site-packages/starlette/concurrency.py", line 41, in run_in_threadpool
    return await anyio.to_thread.run_sync(func, *args)
  File "/Library/Frameworks/Python.framework/Versions/3.9/lib/python3.9/site-packages/anyio/to_thread.py", line 31, in run_sync
    return await get_asynclib().run_sync_in_worker_thread(
  File "/Library/Frameworks/Python.framework/Versions/3.9/lib/python3.9/site-packages/anyio/_backends/_asyncio.py", line 937, in run_sync_in_worker_thread
    return await future
  File "/Library/Frameworks/Python.framework/Versions/3.9/lib/python3.9/site-packages/anyio/_backends/_asyncio.py", line 867, in run
    result = context.run(func, *args)
  File "/Users/zly/Desktop/mygit/MyFastApi/app/api/UserApi.py", line 128, in userinfo
    user_res = UserInfo(username=user.username, sex=user.sex, avatar=user.avatar, signature=user.signature,
  File "pydantic/main.py", line 342, in pydantic.main.BaseModel.__init__
pydantic.error_wrappers.ValidationError: 2 validation errors for UserInfo
avatar
  none is not an allowed value (type=type_error.none.not_allowed)
signature
  none is not an allowed value (type=type_error.none.not_allowed)
INFO:     2023-02-26 17:42:10,951---127.0.0.1:52737 - "POST /user/userinfo HTTP/1.1" 500 Internal Server Error
ERROR:    2023-02-26 17:42:10,951---Exception in ASGI application
Traceback (most recent call last):
  File "/Library/Frameworks/Python.framework/Versions/3.9/lib/python3.9/site-packages/uvicorn/protocols/http/h11_impl.py", line 407, in run_asgi
    result = await app(  # type: ignore[func-returns-value]
  File "/Library/Frameworks/Python.framework/Versions/3.9/lib/python3.9/site-packages/uvicorn/middleware/proxy_headers.py", line 78, in __call__
    return await self.app(scope, receive, send)
  File "/Library/Frameworks/Python.framework/Versions/3.9/lib/python3.9/site-packages/fastapi/applications.py", line 270, in __call__
    await super().__call__(scope, receive, send)
  File "/Library/Frameworks/Python.framework/Versions/3.9/lib/python3.9/site-packages/starlette/applications.py", line 124, in __call__
    await self.middleware_stack(scope, receive, send)
  File "/Library/Frameworks/Python.framework/Versions/3.9/lib/python3.9/site-packages/starlette/middleware/errors.py", line 184, in __call__
    raise exc
  File "/Library/Frameworks/Python.framework/Versions/3.9/lib/python3.9/site-packages/starlette/middleware/errors.py", line 162, in __call__
    await self.app(scope, receive, _send)
  File "/Library/Frameworks/Python.framework/Versions/3.9/lib/python3.9/site-packages/starlette/middleware/cors.py", line 92, in __call__
    await self.simple_response(scope, receive, send, request_headers=headers)
  File "/Library/Frameworks/Python.framework/Versions/3.9/lib/python3.9/site-packages/starlette/middleware/cors.py", line 147, in simple_response
    await self.app(scope, receive, send)
  File "/Library/Frameworks/Python.framework/Versions/3.9/lib/python3.9/site-packages/starlette/middleware/exceptions.py", line 79, in __call__
    raise exc
  File "/Library/Frameworks/Python.framework/Versions/3.9/lib/python3.9/site-packages/starlette/middleware/exceptions.py", line 68, in __call__
    await self.app(scope, receive, sender)
  File "/Library/Frameworks/Python.framework/Versions/3.9/lib/python3.9/site-packages/fastapi/middleware/asyncexitstack.py", line 21, in __call__
    raise e
  File "/Library/Frameworks/Python.framework/Versions/3.9/lib/python3.9/site-packages/fastapi/middleware/asyncexitstack.py", line 18, in __call__
    await self.app(scope, receive, send)
  File "/Library/Frameworks/Python.framework/Versions/3.9/lib/python3.9/site-packages/starlette/routing.py", line 706, in __call__
    await route.handle(scope, receive, send)
  File "/Library/Frameworks/Python.framework/Versions/3.9/lib/python3.9/site-packages/starlette/routing.py", line 276, in handle
    await self.app(scope, receive, send)
  File "/Library/Frameworks/Python.framework/Versions/3.9/lib/python3.9/site-packages/starlette/routing.py", line 66, in app
    response = await func(request)
  File "/Library/Frameworks/Python.framework/Versions/3.9/lib/python3.9/site-packages/fastapi/routing.py", line 235, in app
    raw_response = await run_endpoint_function(
  File "/Library/Frameworks/Python.framework/Versions/3.9/lib/python3.9/site-packages/fastapi/routing.py", line 163, in run_endpoint_function
    return await run_in_threadpool(dependant.call, **values)
  File "/Library/Frameworks/Python.framework/Versions/3.9/lib/python3.9/site-packages/starlette/concurrency.py", line 41, in run_in_threadpool
    return await anyio.to_thread.run_sync(func, *args)
  File "/Library/Frameworks/Python.framework/Versions/3.9/lib/python3.9/site-packages/anyio/to_thread.py", line 31, in run_sync
    return await get_asynclib().run_sync_in_worker_thread(
  File "/Library/Frameworks/Python.framework/Versions/3.9/lib/python3.9/site-packages/anyio/_backends/_asyncio.py", line 937, in run_sync_in_worker_thread
    return await future
  File "/Library/Frameworks/Python.framework/Versions/3.9/lib/python3.9/site-packages/anyio/_backends/_asyncio.py", line 867, in run
    result = context.run(func, *args)
  File "/Users/zly/Desktop/mygit/MyFastApi/app/api/UserApi.py", line 128, in userinfo
    user_res = UserInfo(username=user.username, sex=user.sex, avatar=user.avatar, signature=user.signature,
  File "pydantic/main.py", line 342, in pydantic.main.BaseModel.__init__
pydantic.error_wrappers.ValidationError: 2 validation errors for UserInfo
avatar
  none is not an allowed value (type=type_error.none.not_allowed)
signature
  none is not an allowed value (type=type_error.none.not_allowed)
INFO:     2023-02-26 17:49:58,219---Started server process [2008]
INFO:     2023-02-26 17:49:58,219---Waiting for application startup.
INFO:     2023-02-26 17:49:58,219---Application startup complete.
INFO:     2023-02-26 17:50:00,747---Shutting down
INFO:     2023-02-26 17:50:00,849---Waiting for application shutdown.
INFO:     2023-02-26 17:50:00,849---Application shutdown complete.
INFO:     2023-02-26 17:50:00,849---Finished server process [2008]
INFO:     2023-02-26 17:50:01,290---Will watch for changes in these directories: ['/Users/zly/Desktop/mygit/MyFastApi/app']
INFO:     2023-02-26 17:50:01,291---Uvicorn running on http://127.0.0.1:6060 (Press CTRL+C to quit)
INFO:     2023-02-26 17:50:01,291---Started reloader process [2024] using StatReload
INFO:     2023-02-26 17:50:01,654---Started server process [2026]
INFO:     2023-02-26 17:50:01,654---Waiting for application startup.
INFO:     2023-02-26 17:50:01,655---Application startup complete.
INFO:     2023-02-26 17:50:07,483---127.0.0.1:53423 - "POST /user/login HTTP/1.1" 200 OK
INFO:     2023-02-26 17:50:07,506---127.0.0.1:53423 - "POST /user/userinfo HTTP/1.1" 200 OK
INFO:     2023-02-26 17:50:09,658---127.0.0.1:53423 - "POST /user/userinfo HTTP/1.1" 200 OK
INFO:     2023-02-26 17:50:24,772---127.0.0.1:53504 - "OPTIONS /user/image/upload HTTP/1.1" 200 OK
INFO:     2023-02-26 17:50:24,786---127.0.0.1:53504 - "POST /user/image/upload HTTP/1.1" 200 OK
INFO:     2023-02-26 17:50:44,316---127.0.0.1:53589 - "POST /user/image/upload HTTP/1.1" 200 OK
INFO:     2023-02-26 17:50:46,045---127.0.0.1:53589 - "OPTIONS /user/edituserinfo HTTP/1.1" 200 OK
INFO:     2023-02-26 17:50:46,065---127.0.0.1:53589 - "POST /user/edituserinfo HTTP/1.1" 200 OK
INFO:     2023-02-26 17:50:46,080---127.0.0.1:53595 - "GET /avatar/1-1677405044.PNG HTTP/1.1" 200 OK
INFO:     2023-02-26 17:50:47,530---127.0.0.1:53595 - "GET /avatar/1-1677405044.PNG HTTP/1.1" 304 Not Modified
INFO:     2023-02-26 17:50:47,594---127.0.0.1:53589 - "POST /user/userinfo HTTP/1.1" 200 OK
INFO:     2023-02-26 18:01:35,818---127.0.0.1:56451 - "GET /avatar/1-1677405044.PNG HTTP/1.1" 304 Not Modified
INFO:     2023-02-26 18:01:35,859---127.0.0.1:56453 - "OPTIONS /user/userinfo HTTP/1.1" 200 OK
INFO:     2023-02-26 18:01:35,934---127.0.0.1:56453 - "POST /user/userinfo HTTP/1.1" 200 OK
INFO:     2023-02-26 18:01:39,180---127.0.0.1:56453 - "POST /user/userinfo HTTP/1.1" 200 OK
INFO:     2023-02-26 18:01:57,644---127.0.0.1:56558 - "POST /user/userinfo HTTP/1.1" 200 OK
INFO:     2023-02-26 18:02:16,575---127.0.0.1:56642 - "POST /user/userinfo HTTP/1.1" 200 OK
INFO:     2023-02-26 18:02:36,333---127.0.0.1:56733 - "POST /user/userinfo HTTP/1.1" 200 OK
INFO:     2023-02-26 18:06:49,504---127.0.0.1:57820 - "GET /avatar/1-1677405044.PNG HTTP/1.1" 304 Not Modified
INFO:     2023-02-26 18:06:49,546---127.0.0.1:57822 - "POST /user/userinfo HTTP/1.1" 200 OK
INFO:     2023-02-26 18:07:03,724---127.0.0.1:57887 - "POST /user/userinfo HTTP/1.1" 200 OK
INFO:     2023-02-26 18:07:12,665---127.0.0.1:57934 - "POST /user/userinfo HTTP/1.1" 200 OK
INFO:     2023-02-26 18:07:18,935---127.0.0.1:57967 - "POST /user/userinfo HTTP/1.1" 200 OK
INFO:     2023-02-26 18:08:35,357---127.0.0.1:58155 - "GET /avatar/1-1677405044.PNG HTTP/1.1" 304 Not Modified
INFO:     2023-02-26 18:08:35,457---127.0.0.1:58157 - "POST /user/userinfo HTTP/1.1" 200 OK
INFO:     2023-02-26 18:10:14,467---127.0.0.1:58203 - "POST /user/userinfo HTTP/1.1" 200 OK
INFO:     2023-02-26 18:12:20,370---127.0.0.1:58765 - "GET /avatar/1-1677405044.PNG HTTP/1.1" 304 Not Modified
INFO:     2023-02-26 18:12:20,441---127.0.0.1:58767 - "OPTIONS /user/userinfo HTTP/1.1" 200 OK
INFO:     2023-02-26 18:12:20,461---127.0.0.1:58767 - "POST /user/userinfo HTTP/1.1" 200 OK
INFO:     2023-02-26 18:12:32,873---127.0.0.1:58846 - "POST /user/userinfo HTTP/1.1" 200 OK
INFO:     2023-02-26 18:17:10,125---127.0.0.1:60152 - "GET /avatar/1-1677405044.PNG HTTP/1.1" 304 Not Modified
INFO:     2023-02-26 18:17:10,178---127.0.0.1:60152 - "GET /avatar/undefined HTTP/1.1" 404 Not Found
INFO:     2023-02-26 18:17:10,198---127.0.0.1:60154 - "POST /user/userinfo HTTP/1.1" 200 OK
INFO:     2023-02-26 18:19:46,450---127.0.0.1:60865 - "OPTIONS /user/image/upload HTTP/1.1" 200 OK
INFO:     2023-02-26 18:19:46,483---127.0.0.1:60865 - "POST /user/image/upload HTTP/1.1" 200 OK
INFO:     2023-02-26 18:19:47,874---127.0.0.1:60865 - "OPTIONS /user/edituserinfo HTTP/1.1" 200 OK
INFO:     2023-02-26 18:19:47,927---127.0.0.1:60865 - "POST /user/edituserinfo HTTP/1.1" 200 OK
INFO:     2023-02-26 18:19:47,942---127.0.0.1:60875 - "GET /avatar/1-1677406786.jpeg HTTP/1.1" 200 OK
INFO:     2023-02-26 18:19:49,370---127.0.0.1:60875 - "GET /avatar/1-1677406786.jpeg HTTP/1.1" 304 Not Modified
INFO:     2023-02-26 18:19:49,434---127.0.0.1:60875 - "GET /avatar/undefined HTTP/1.1" 404 Not Found
INFO:     2023-02-26 18:19:49,440---127.0.0.1:60865 - "POST /user/userinfo HTTP/1.1" 200 OK
INFO:     2023-02-26 18:19:54,778---127.0.0.1:60911 - "GET /avatar/undefined HTTP/1.1" 404 Not Found
INFO:     2023-02-26 18:20:02,069---127.0.0.1:60942 - "GET /avatar/undefined HTTP/1.1" 404 Not Found
INFO:     2023-02-26 18:20:17,422---127.0.0.1:61006 - "GET /avatar/undefined HTTP/1.1" 404 Not Found
INFO:     2023-02-26 18:20:22,063---127.0.0.1:61028 - "GET /avatar/1-1677406786.jpeg HTTP/1.1" 200 OK
INFO:     2023-02-26 18:20:30,230---127.0.0.1:61068 - "GET /avatar/1-1677406786.jpeg HTTP/1.1" 304 Not Modified
INFO:     2023-02-26 18:20:30,279---127.0.0.1:61068 - "GET /avatar/undefined HTTP/1.1" 404 Not Found
INFO:     2023-02-26 18:20:30,297---127.0.0.1:61070 - "POST /user/userinfo HTTP/1.1" 200 OK
INFO:     2023-02-26 18:20:30,875---127.0.0.1:61072 - "GET /avatar/undefined HTTP/1.1" 404 Not Found
INFO:     2023-02-26 18:37:16,974---127.0.0.1:61517 - "GET /avatar/1-1677406786.jpeg HTTP/1.1" 304 Not Modified
INFO:     2023-02-26 18:37:17,034---127.0.0.1:61517 - "GET /avatar/undefined HTTP/1.1" 404 Not Found
INFO:     2023-02-26 18:37:17,051---127.0.0.1:61519 - "POST /user/userinfo HTTP/1.1" 200 OK
INFO:     2023-02-26 18:37:18,896---127.0.0.1:61530 - "GET /avatar/undefined HTTP/1.1" 404 Not Found
INFO:     2023-02-26 18:37:26,959---127.0.0.1:61570 - "GET /avatar/undefined HTTP/1.1" 404 Not Found
INFO:     2023-02-26 18:37:26,976---127.0.0.1:61572 - "POST /user/userinfo HTTP/1.1" 200 OK
INFO:     2023-02-26 18:37:53,317---127.0.0.1:61701 - "GET /avatar/undefined HTTP/1.1" 404 Not Found
INFO:     2023-02-26 18:38:35,832---127.0.0.1:61885 - "OPTIONS /user/userinfo HTTP/1.1" 200 OK
INFO:     2023-02-26 18:38:35,840---127.0.0.1:61883 - "GET /avatar/undefined HTTP/1.1" 404 Not Found
INFO:     2023-02-26 18:38:35,855---127.0.0.1:61885 - "POST /user/userinfo HTTP/1.1" 200 OK
INFO:     2023-02-26 18:42:57,030---127.0.0.1:63095 - "POST /user/image/upload HTTP/1.1" 200 OK
INFO:     2023-02-26 18:43:21,702---127.0.0.1:63198 - "POST /user/image/upload HTTP/1.1" 200 OK
INFO:     2023-02-26 18:43:23,074---127.0.0.1:63198 - "POST /user/edituserinfo HTTP/1.1" 200 OK
INFO:     2023-02-26 18:43:23,088---127.0.0.1:63204 - "GET /avatar/1-1677408201.jpeg HTTP/1.1" 200 OK
INFO:     2023-02-26 18:43:24,536---127.0.0.1:63204 - "GET /avatar/1-1677408201.jpeg HTTP/1.1" 304 Not Modified
INFO:     2023-02-26 18:43:24,589---127.0.0.1:63204 - "GET /avatar/undefined HTTP/1.1" 404 Not Found
INFO:     2023-02-26 18:43:24,596---127.0.0.1:63198 - "POST /user/userinfo HTTP/1.1" 200 OK
INFO:     2023-02-26 18:43:33,093---127.0.0.1:63252 - "GET /avatar/undefined HTTP/1.1" 404 Not Found
INFO:     2023-02-26 18:44:48,712---127.0.0.1:63602 - "GET /avatar/1-1677408201.jpeg HTTP/1.1" 304 Not Modified
INFO:     2023-02-26 18:44:48,758---127.0.0.1:63602 - "GET /avatar/undefined HTTP/1.1" 404 Not Found
INFO:     2023-02-26 18:44:48,772---127.0.0.1:63604 - "POST /user/userinfo HTTP/1.1" 200 OK
INFO:     2023-02-26 18:46:21,260---127.0.0.1:64003 - "GET /avatar/1-1677408201.jpeg HTTP/1.1" 304 Not Modified
INFO:     2023-02-26 18:46:21,295---127.0.0.1:64003 - "GET /avatar/undefined HTTP/1.1" 404 Not Found
INFO:     2023-02-26 18:46:21,315---127.0.0.1:64005 - "POST /user/userinfo HTTP/1.1" 200 OK
INFO:     2023-02-26 18:47:17,134---127.0.0.1:64271 - "GET /avatar/1-1677408201.jpeg HTTP/1.1" 304 Not Modified
INFO:     2023-02-26 18:47:17,460---127.0.0.1:64271 - "GET /favicon.ico HTTP/1.1" 404 Not Found
INFO:     2023-02-26 18:47:34,204---127.0.0.1:64272 - "GET /avatar/1-1677408201.jpeg HTTP/1.1" 304 Not Modified
INFO:     2023-02-26 18:47:34,273---127.0.0.1:64347 - "POST /user/userinfo HTTP/1.1" 200 OK
INFO:     2023-02-26 18:48:13,655---127.0.0.1:64532 - "GET /avatar/1-1677408201.jpeg HTTP/1.1" 304 Not Modified
INFO:     2023-02-26 18:48:13,704---127.0.0.1:64532 - "GET /avatar/undefined HTTP/1.1" 404 Not Found
INFO:     2023-02-26 18:48:13,719---127.0.0.1:64534 - "POST /user/userinfo HTTP/1.1" 200 OK
INFO:     2023-02-26 18:53:42,655---127.0.0.1:49606 - "GET /avatar/1-1677408201.jpeg HTTP/1.1" 304 Not Modified
INFO:     2023-02-26 18:53:42,702---127.0.0.1:49612 - "OPTIONS /user/userinfo HTTP/1.1" 200 OK
INFO:     2023-02-26 18:53:42,726---127.0.0.1:49612 - "POST /user/userinfo HTTP/1.1" 200 OK
INFO:     2023-02-26 18:54:13,735---127.0.0.1:49742 - "POST /user/userinfo HTTP/1.1" 200 OK
INFO:     2023-02-26 18:54:15,378---127.0.0.1:49742 - "POST /user/userinfo HTTP/1.1" 200 OK
INFO:     2023-02-26 18:59:09,551---127.0.0.1:51072 - "GET /avatar/1-1677408201.jpeg HTTP/1.1" 304 Not Modified
INFO:     2023-02-26 18:59:09,616---127.0.0.1:51074 - "POST /user/userinfo HTTP/1.1" 200 OK
INFO:     2023-02-26 19:00:39,563---127.0.0.1:51476 - "POST /user/userinfo HTTP/1.1" 200 OK
INFO:     2023-02-26 19:01:07,803---127.0.0.1:51595 - "GET /avatar/1-1677408201.jpeg HTTP/1.1" 304 Not Modified
INFO:     2023-02-26 19:01:07,872---127.0.0.1:51597 - "POST /user/userinfo HTTP/1.1" 200 OK
INFO:     2023-02-26 19:01:38,833---127.0.0.1:51744 - "OPTIONS /user/image/upload HTTP/1.1" 200 OK
INFO:     2023-02-26 19:01:38,845---127.0.0.1:51744 - "POST /user/image/upload HTTP/1.1" 200 OK
INFO:     2023-02-26 19:01:40,722---127.0.0.1:51744 - "OPTIONS /user/edituserinfo HTTP/1.1" 200 OK
INFO:     2023-02-26 19:01:40,763---127.0.0.1:51744 - "POST /user/edituserinfo HTTP/1.1" 200 OK
INFO:     2023-02-26 19:01:40,779---127.0.0.1:51754 - "GET /avatar/1-1677409298.svg HTTP/1.1" 200 OK
INFO:     2023-02-26 19:01:42,053---127.0.0.1:51754 - "GET /avatar/1-1677409298.svg HTTP/1.1" 304 Not Modified
INFO:     2023-02-26 19:01:42,105---127.0.0.1:51744 - "POST /user/userinfo HTTP/1.1" 200 OK
INFO:     2023-02-26 23:46:58,952---Shutting down
INFO:     2023-02-26 23:47:51,829---Will watch for changes in these directories: ['/Users/zly/Desktop/mygit/MyFastApi/app']
INFO:     2023-02-26 23:47:51,830---Uvicorn running on http://127.0.0.1:6060 (Press CTRL+C to quit)
INFO:     2023-02-26 23:47:51,830---Started reloader process [3873] using StatReload
INFO:     2023-02-26 23:47:52,149---Started server process [3878]
INFO:     2023-02-26 23:47:52,149---Waiting for application startup.
INFO:     2023-02-26 23:47:52,149---Application startup complete.
INFO:     2023-02-26 23:48:10,557---Êúâ‰∫∫ËÆøÈóÆapiÈ°µÈù¢
INFO:     2023-02-26 23:48:10,559---127.0.0.1:55012 - "GET / HTTP/1.1" 307 Temporary Redirect
INFO:     2023-02-26 23:48:10,567---127.0.0.1:55012 - "GET /docs HTTP/1.1" 200 OK
INFO:     2023-02-26 23:48:10,933---127.0.0.1:55012 - "GET /openapi.json HTTP/1.1" 200 OK
INFO:     2023-02-26 23:49:19,825---127.0.0.1:55329 - "GET /avatar/1-1677409298.svg HTTP/1.1" 304 Not Modified
INFO:     2023-02-26 23:49:27,678---127.0.0.1:55371 - "OPTIONS /user/login HTTP/1.1" 200 OK
INFO:     2023-02-26 23:49:27,863---127.0.0.1:55371 - "POST /user/login HTTP/1.1" 200 OK
INFO:     2023-02-26 23:49:27,874---127.0.0.1:55371 - "OPTIONS /user/userinfo HTTP/1.1" 200 OK
INFO:     2023-02-26 23:49:27,884---127.0.0.1:55371 - "GET /user/userinfo HTTP/1.1" 200 OK
INFO:     2023-02-26 23:49:30,215---127.0.0.1:55371 - "GET /user/userinfo HTTP/1.1" 200 OK
INFO:     2023-02-26 23:49:45,601---127.0.0.1:55444 - "OPTIONS /user/image/upload HTTP/1.1" 200 OK
INFO:     2023-02-26 23:49:45,618---127.0.0.1:55444 - "POST /user/image/upload HTTP/1.1" 200 OK
INFO:     2023-02-26 23:49:46,633---127.0.0.1:55444 - "OPTIONS /user/edituserinfo HTTP/1.1" 200 OK
INFO:     2023-02-26 23:49:46,657---127.0.0.1:55444 - "POST /user/edituserinfo HTTP/1.1" 200 OK
INFO:     2023-02-26 23:49:46,667---127.0.0.1:55450 - "GET /avatar/1-1677426585.jpeg HTTP/1.1" 200 OK
INFO:     2023-02-26 23:49:47,751---127.0.0.1:55450 - "GET /avatar/1-1677426585.jpeg HTTP/1.1" 304 Not Modified
INFO:     2023-02-26 23:49:47,779---127.0.0.1:55444 - "GET /user/userinfo HTTP/1.1" 200 OK
INFO:     2023-02-26 23:49:49,920---127.0.0.1:55444 - "OPTIONS /post/postcategory HTTP/1.1" 200 OK
INFO:     2023-02-26 23:49:49,929---127.0.0.1:55444 - "GET /post/postcategory HTTP/1.1" 200 OK
INFO:     2023-02-26 23:49:51,671---127.0.0.1:55444 - "GET /post/postcategory HTTP/1.1" 200 OK
INFO:     2023-02-26 23:50:19,118---127.0.0.1:55642 - "GET /avatar/1-1677426585.jpeg HTTP/1.1" 304 Not Modified
INFO:     2023-02-26 23:50:19,157---127.0.0.1:55644 - "GET /post/postcategory HTTP/1.1" 200 OK
INFO:     2023-02-26 23:50:39,079---127.0.0.1:55736 - "GET /post/postcategory HTTP/1.1" 200 OK
INFO:     2023-02-27 00:25:36,400---127.0.0.1:56107 - "GET /avatar/1-1677426585.jpeg HTTP/1.1" 304 Not Modified
INFO:     2023-02-27 00:25:42,489---127.0.0.1:56114 - "GET /user/userinfo HTTP/1.1" 200 OK
INFO:     2023-02-27 00:27:05,284---127.0.0.1:56179 - "GET /user/userinfo HTTP/1.1" 200 OK
INFO:     2023-02-27 00:27:05,763---127.0.0.1:56179 - "GET /user/userinfo HTTP/1.1" 200 OK
INFO:     2023-02-27 00:27:19,063---127.0.0.1:56233 - "GET /user/userinfo HTTP/1.1" 200 OK
INFO:     2023-02-27 00:27:37,412---127.0.0.1:56311 - "GET /user/userinfo HTTP/1.1" 200 OK
INFO:     2023-02-27 00:27:58,668---127.0.0.1:56426 - "GET /user/userinfo HTTP/1.1" 200 OK
INFO:     2023-02-27 00:30:47,877---127.0.0.1:57160 - "GET /avatar/1-1677426585.jpeg HTTP/1.1" 304 Not Modified
INFO:     2023-02-27 00:30:47,920---127.0.0.1:57162 - "GET /user/userinfo HTTP/1.1" 200 OK
INFO:     2023-02-27 00:30:56,520---127.0.0.1:57201 - "OPTIONS /user/userinfo HTTP/1.1" 200 OK
INFO:     2023-02-27 00:30:56,565---127.0.0.1:57201 - "GET /user/userinfo HTTP/1.1" 200 OK
INFO:     2023-02-27 00:30:58,194---127.0.0.1:57201 - "GET /user/userinfo HTTP/1.1" 200 OK
INFO:     2023-02-27 00:30:59,424---127.0.0.1:57201 - "GET /user/userinfo HTTP/1.1" 200 OK
INFO:     2023-02-27 00:31:00,605---127.0.0.1:57201 - "GET /user/userinfo HTTP/1.1" 200 OK
INFO:     2023-02-27 00:31:02,358---127.0.0.1:57201 - "GET /user/userinfo HTTP/1.1" 200 OK
INFO:     2023-02-27 00:31:06,146---127.0.0.1:57201 - "GET /user/userinfo HTTP/1.1" 200 OK
INFO:     2023-02-27 00:31:23,946---127.0.0.1:57308 - "OPTIONS /post/postcategory HTTP/1.1" 200 OK
INFO:     2023-02-27 00:31:23,967---127.0.0.1:57308 - "GET /post/postcategory HTTP/1.1" 200 OK
INFO:     2023-02-27 00:31:27,029---127.0.0.1:57308 - "GET /post/postcategory HTTP/1.1" 200 OK
INFO:     2023-02-27 00:31:29,242---127.0.0.1:57308 - "GET /user/userinfo HTTP/1.1" 200 OK
INFO:     2023-02-27 00:31:32,687---127.0.0.1:57308 - "GET /user/userinfo HTTP/1.1" 200 OK
INFO:     2023-02-27 00:31:33,484---127.0.0.1:57308 - "GET /user/userinfo HTTP/1.1" 200 OK
INFO:     2023-02-27 00:31:34,222---127.0.0.1:57308 - "GET /user/userinfo HTTP/1.1" 200 OK
INFO:     2023-02-27 00:31:39,780---127.0.0.1:57329 - "GET /user/userinfo HTTP/1.1" 200 OK
INFO:     2023-02-27 00:31:40,161---127.0.0.1:57329 - "GET /post/postcategory HTTP/1.1" 200 OK
INFO:     2023-02-27 00:31:41,613---127.0.0.1:57329 - "GET /user/userinfo HTTP/1.1" 200 OK
INFO:     2023-02-27 00:31:59,317---127.0.0.1:57360 - "GET /user/userinfo HTTP/1.1" 200 OK
INFO:     2023-02-27 00:36:28,078---127.0.0.1:57748 - "GET /user/userinfo HTTP/1.1" 200 OK
INFO:     2023-02-27 00:41:13,290---127.0.0.1:58027 - "GET /post/postcategory HTTP/1.1" 200 OK
INFO:     2023-02-27 00:41:14,142---127.0.0.1:58027 - "GET /post/postcategory HTTP/1.1" 200 OK
INFO:     2023-02-27 00:42:00,478---127.0.0.1:58067 - "GET /avatar/1-1677426585.jpeg HTTP/1.1" 304 Not Modified
INFO:     2023-02-27 00:42:00,487---127.0.0.1:58069 - "OPTIONS /post/postcategory HTTP/1.1" 200 OK
INFO:     2023-02-27 00:42:00,517---127.0.0.1:58069 - "GET /post/postcategory HTTP/1.1" 200 OK
INFO:     2023-02-27 00:42:05,339---127.0.0.1:58069 - "OPTIONS /post/publishpost HTTP/1.1" 200 OK
INFO:     2023-02-27 00:42:05,382---127.0.0.1:58069 - "POST /post/publishpost HTTP/1.1" 200 OK
INFO:     2023-02-27 00:42:40,493---127.0.0.1:58082 - "POST /post/publishpost HTTP/1.1" 200 OK
INFO:     2023-02-27 00:46:29,859---Shutting down
INFO:     2023-02-27 00:46:29,962---Waiting for application shutdown.
INFO:     2023-02-27 00:46:29,965---Application shutdown complete.
INFO:     2023-02-27 00:46:29,965---Finished server process [3878]
INFO:     2023-02-27 00:46:30,082---Stopping reloader process [3873]
INFO:     2023-02-27 00:54:43,084---Will watch for changes in these directories: ['/Users/zly/Desktop/mygit/MyFastApi/app']
INFO:     2023-02-27 00:54:43,085---Uvicorn running on http://127.0.0.1:6060 (Press CTRL+C to quit)
INFO:     2023-02-27 00:54:43,085---Started reloader process [4969] using StatReload
INFO:     2023-02-27 00:54:43,386---Started server process [4971]
INFO:     2023-02-27 00:54:43,386---Waiting for application startup.
INFO:     2023-02-27 00:54:43,386---Application startup complete.
INFO:     2023-02-27 00:54:47,663---127.0.0.1:58646 - "OPTIONS /post/postcategory HTTP/1.1" 200 OK
INFO:     2023-02-27 00:54:47,674---127.0.0.1:58644 - "GET /avatar/1-1677426585.jpeg HTTP/1.1" 304 Not Modified
INFO:     2023-02-27 00:54:47,716---127.0.0.1:58646 - "GET /post/postcategory HTTP/1.1" 200 OK
INFO:     2023-02-27 00:55:22,780---127.0.0.1:58829 - "GET /post/postcategory HTTP/1.1" 200 OK
WARNING:  2023-02-27 00:58:08,928---StatReload detected changes in 'api/PostApi.py'. Reloading...
INFO:     2023-02-27 00:58:08,992---Shutting down
INFO:     2023-02-27 00:58:09,094---Waiting for application shutdown.
INFO:     2023-02-27 00:58:09,096---Application shutdown complete.
INFO:     2023-02-27 00:58:09,097---Finished server process [4971]
INFO:     2023-02-27 00:58:09,811---Started server process [5074]
INFO:     2023-02-27 00:58:09,811---Waiting for application startup.
INFO:     2023-02-27 00:58:09,811---Application startup complete.
WARNING:  2023-02-27 00:58:16,488---StatReload detected changes in 'api/PostApi.py'. Reloading...
INFO:     2023-02-27 00:58:16,588---Shutting down
INFO:     2023-02-27 00:58:16,690---Waiting for application shutdown.
INFO:     2023-02-27 00:58:16,691---Application shutdown complete.
INFO:     2023-02-27 00:58:16,691---Finished server process [5074]
INFO:     2023-02-27 00:58:17,332---Started server process [5082]
INFO:     2023-02-27 00:58:17,332---Waiting for application startup.
INFO:     2023-02-27 00:58:17,332---Application startup complete.
WARNING:  2023-02-27 00:58:56,216---StatReload detected changes in 'api/PostApi.py'. Reloading...
INFO:     2023-02-27 00:58:56,319---Shutting down
INFO:     2023-02-27 00:58:56,425---Waiting for application shutdown.
INFO:     2023-02-27 00:58:56,427---Application shutdown complete.
INFO:     2023-02-27 00:58:56,428---Finished server process [5082]
INFO:     2023-02-27 00:58:57,101---Started server process [5111]
INFO:     2023-02-27 00:58:57,101---Waiting for application startup.
INFO:     2023-02-27 00:58:57,101---Application startup complete.
INFO:     2023-02-27 10:41:05,739---127.0.0.1:62825 - "OPTIONS /post/postcategory HTTP/1.1" 200 OK
INFO:     2023-02-27 10:41:05,750---127.0.0.1:62817 - "GET /avatar/1-1677426585.jpeg HTTP/1.1" 304 Not Modified
INFO:     2023-02-27 10:41:05,959---127.0.0.1:62825 - "GET /post/postcategory HTTP/1.1" 200 OK
INFO:     2023-02-27 10:41:08,079---127.0.0.1:62825 - "GET /post/postcategory HTTP/1.1" 200 OK
WARNING:  2023-02-27 10:44:12,419---StatReload detected changes in 'schemas/PostSchemas.py'. Reloading...
INFO:     2023-02-27 10:44:12,493---Shutting down
INFO:     2023-02-27 10:44:12,597---Waiting for application shutdown.
INFO:     2023-02-27 10:44:12,598---Application shutdown complete.
INFO:     2023-02-27 10:44:12,598---Finished server process [5111]
INFO:     2023-02-27 10:44:13,165---Started server process [5782]
INFO:     2023-02-27 10:44:13,165---Waiting for application startup.
INFO:     2023-02-27 10:44:13,165---Application startup complete.
INFO:     2023-02-27 10:44:17,009---Shutting down
INFO:     2023-02-27 10:44:17,110---Waiting for application shutdown.
INFO:     2023-02-27 10:44:17,110---Application shutdown complete.
INFO:     2023-02-27 10:44:17,111---Finished server process [5782]
INFO:     2023-02-27 10:44:17,178---Stopping reloader process [4969]
INFO:     2023-02-27 10:44:17,651---Will watch for changes in these directories: ['/Users/zly/Desktop/mygit/MyFastApi/app']
INFO:     2023-02-27 10:44:17,651---Uvicorn running on http://127.0.0.1:6060 (Press CTRL+C to quit)
INFO:     2023-02-27 10:44:17,651---Started reloader process [5789] using StatReload
INFO:     2023-02-27 10:44:17,934---Started server process [5791]
INFO:     2023-02-27 10:44:17,934---Waiting for application startup.
INFO:     2023-02-27 10:44:17,934---Application startup complete.
INFO:     2023-02-27 10:44:18,808---Êúâ‰∫∫ËÆøÈóÆapiÈ°µÈù¢
INFO:     2023-02-27 10:44:18,808---127.0.0.1:62929 - "GET / HTTP/1.1" 307 Temporary Redirect
INFO:     2023-02-27 10:44:18,811---127.0.0.1:62929 - "GET /docs HTTP/1.1" 200 OK
INFO:     2023-02-27 10:44:19,124---127.0.0.1:62929 - "GET /swagger/swagger-ui.css HTTP/1.1" 304 Not Modified
INFO:     2023-02-27 10:44:19,126---127.0.0.1:62930 - "GET /swagger/swagger-ui-bundle.js HTTP/1.1" 304 Not Modified
INFO:     2023-02-27 10:44:19,263---127.0.0.1:62930 - "GET /openapi.json HTTP/1.1" 200 OK
INFO:     2023-02-27 10:44:55,327---127.0.0.1:62935 - "GET /docs HTTP/1.1" 200 OK
INFO:     2023-02-27 10:44:55,411---127.0.0.1:62935 - "GET /openapi.json HTTP/1.1" 200 OK
INFO:     2023-02-27 10:45:29,047---127.0.0.1:62954 - "GET /post/postcategory HTTP/1.1" 200 OK
WARNING:  2023-02-27 10:46:04,383---StatReload detected changes in 'schemas/PostSchemas.py'. Reloading...
INFO:     2023-02-27 10:46:04,408---Shutting down
INFO:     2023-02-27 10:46:04,510---Waiting for application shutdown.
INFO:     2023-02-27 10:46:04,511---Application shutdown complete.
INFO:     2023-02-27 10:46:04,512---Finished server process [5791]
INFO:     2023-02-27 10:46:05,064---Started server process [5828]
INFO:     2023-02-27 10:46:05,064---Waiting for application startup.
INFO:     2023-02-27 10:46:05,064---Application startup complete.
INFO:     2023-02-27 10:46:08,959---127.0.0.1:62972 - "GET /docs HTTP/1.1" 200 OK
INFO:     2023-02-27 10:46:09,053---127.0.0.1:62972 - "GET /openapi.json HTTP/1.1" 200 OK
INFO:     2023-02-27 10:46:09,495---127.0.0.1:62972 - "GET /docs HTTP/1.1" 200 OK
INFO:     2023-02-27 10:46:09,576---127.0.0.1:62972 - "GET /openapi.json HTTP/1.1" 200 OK
INFO:     2023-02-27 10:46:09,657---127.0.0.1:62972 - "GET /docs HTTP/1.1" 200 OK
INFO:     2023-02-27 10:46:09,736---127.0.0.1:62972 - "GET /openapi.json HTTP/1.1" 200 OK
INFO:     2023-02-27 10:46:09,858---127.0.0.1:62972 - "GET /docs HTTP/1.1" 200 OK
INFO:     2023-02-27 10:46:09,909---127.0.0.1:62972 - "GET /openapi.json HTTP/1.1" 200 OK
INFO:     2023-02-27 10:46:14,225---Êúâ‰∫∫ËÆøÈóÆapiÈ°µÈù¢
INFO:     2023-02-27 10:46:14,226---127.0.0.1:62972 - "GET / HTTP/1.1" 307 Temporary Redirect
INFO:     2023-02-27 10:46:14,232---127.0.0.1:62972 - "GET /docs HTTP/1.1" 200 OK
INFO:     2023-02-27 10:46:14,327---127.0.0.1:62972 - "GET /openapi.json HTTP/1.1" 200 OK
WARNING:  2023-02-27 10:47:04,890---StatReload detected changes in 'schemas/PostSchemas.py'. Reloading...
INFO:     2023-02-27 10:47:04,951---Shutting down
INFO:     2023-02-27 10:47:05,053---Waiting for application shutdown.
INFO:     2023-02-27 10:47:05,055---Application shutdown complete.
INFO:     2023-02-27 10:47:05,055---Finished server process [5828]
INFO:     2023-02-27 10:47:05,775---Started server process [5865]
INFO:     2023-02-27 10:47:05,775---Waiting for application startup.
INFO:     2023-02-27 10:47:05,775---Application startup complete.
INFO:     2023-02-27 10:47:05,776---127.0.0.1:63063 - "GET /docs HTTP/1.1" 200 OK
INFO:     2023-02-27 10:47:05,867---127.0.0.1:63063 - "GET /openapi.json HTTP/1.1" 200 OK
WARNING:  2023-02-27 10:47:26,437---StatReload detected changes in 'schemas/PostSchemas.py'. Reloading...
INFO:     2023-02-27 10:47:26,517---Shutting down
INFO:     2023-02-27 10:47:26,619---Waiting for application shutdown.
INFO:     2023-02-27 10:47:26,621---Application shutdown complete.
INFO:     2023-02-27 10:47:26,621---Finished server process [5865]
INFO:     2023-02-27 10:47:27,160---Started server process [5888]
INFO:     2023-02-27 10:47:27,161---Waiting for application startup.
INFO:     2023-02-27 10:47:27,161---Application startup complete.
INFO:     2023-02-27 10:47:57,106---Êúâ‰∫∫ËÆøÈóÆapiÈ°µÈù¢
INFO:     2023-02-27 10:47:57,107---127.0.0.1:63093 - "GET / HTTP/1.1" 307 Temporary Redirect
INFO:     2023-02-27 10:47:57,110---127.0.0.1:63093 - "GET /docs HTTP/1.1" 200 OK
INFO:     2023-02-27 10:47:57,155---127.0.0.1:63093 - "GET /swagger/swagger-ui.css HTTP/1.1" 200 OK
INFO:     2023-02-27 10:47:57,156---127.0.0.1:63094 - "GET /swagger/swagger-ui-bundle.js HTTP/1.1" 200 OK
INFO:     2023-02-27 10:47:57,235---127.0.0.1:63094 - "GET /openapi.json HTTP/1.1" 200 OK
INFO:     2023-02-27 10:48:27,647---127.0.0.1:63103 - "GET /docs HTTP/1.1" 200 OK
WARNING:  2023-02-27 10:48:27,649---StatReload detected changes in 'schemas/PostSchemas.py'. Reloading...
INFO:     2023-02-27 10:48:27,665---Shutting down
INFO:     2023-02-27 10:48:27,767---Waiting for application shutdown.
INFO:     2023-02-27 10:48:27,767---Application shutdown complete.
INFO:     2023-02-27 10:48:27,767---Finished server process [5888]
WARNING:  2023-02-27 10:48:40,787---StatReload detected changes in 'schemas/PostSchemas.py'. Reloading...
INFO:     2023-02-27 10:48:41,250---Started server process [5937]
INFO:     2023-02-27 10:48:41,250---Waiting for application startup.
INFO:     2023-02-27 10:48:41,250---Application startup complete.
INFO:     2023-02-27 10:48:41,256---127.0.0.1:63105 - "GET /openapi.json HTTP/1.1" 200 OK
INFO:     2023-02-27 10:48:41,256---127.0.0.1:63107 - "GET /docs HTTP/1.1" 200 OK
INFO:     2023-02-27 10:48:41,333---127.0.0.1:63105 - "GET /openapi.json HTTP/1.1" 200 OK
WARNING:  2023-02-27 10:49:17,496---StatReload detected changes in 'api/PostApi.py'. Reloading...
INFO:     2023-02-27 10:49:17,578---Shutting down
INFO:     2023-02-27 10:49:17,681---Waiting for application shutdown.
INFO:     2023-02-27 10:49:17,685---Application shutdown complete.
INFO:     2023-02-27 10:49:17,686---Finished server process [5937]
INFO:     2023-02-27 10:49:18,280---Started server process [5954]
INFO:     2023-02-27 10:49:18,280---Waiting for application startup.
INFO:     2023-02-27 10:49:18,280---Application startup complete.
INFO:     2023-02-27 10:49:18,281---127.0.0.1:63125 - "GET /docs HTTP/1.1" 200 OK
INFO:     2023-02-27 10:49:18,382---127.0.0.1:63125 - "GET /openapi.json HTTP/1.1" 200 OK
INFO:     2023-02-27 10:49:23,009---127.0.0.1:63125 - "GET /post/postcategory HTTP/1.1" 200 OK
INFO:     2023-02-27 10:49:28,163---127.0.0.1:63126 - "GET /post/getpost HTTP/1.1" 200 OK
WARNING:  2023-02-27 10:49:54,386---StatReload detected changes in 'api/PostApi.py'. Reloading...
INFO:     2023-02-27 10:49:54,406---Shutting down
INFO:     2023-02-27 10:49:54,513---Waiting for application shutdown.
INFO:     2023-02-27 10:49:54,515---Application shutdown complete.
INFO:     2023-02-27 10:49:54,515---Finished server process [5954]
INFO:     2023-02-27 10:49:55,009---Started server process [5986]
INFO:     2023-02-27 10:49:55,009---Waiting for application startup.
INFO:     2023-02-27 10:49:55,010---Application startup complete.
INFO:     2023-02-27 10:49:55,010---127.0.0.1:63139 - "GET /docs HTTP/1.1" 200 OK
INFO:     2023-02-27 10:49:55,103---127.0.0.1:63139 - "GET /openapi.json HTTP/1.1" 200 OK
WARNING:  2023-02-27 10:51:02,363---StatReload detected changes in 'api/PostApi.py'. Reloading...
INFO:     2023-02-27 10:51:02,386---Shutting down
INFO:     2023-02-27 10:51:02,491---Waiting for application shutdown.
INFO:     2023-02-27 10:51:02,492---Application shutdown complete.
INFO:     2023-02-27 10:51:02,492---Finished server process [5986]
INFO:     2023-02-27 10:51:03,178---Started server process [6030]
INFO:     2023-02-27 10:51:03,178---Waiting for application startup.
INFO:     2023-02-27 10:51:03,179---Application startup complete.
INFO:     2023-02-27 10:51:06,898---127.0.0.1:63289 - "GET /docs HTTP/1.1" 200 OK
INFO:     2023-02-27 10:51:06,983---127.0.0.1:63289 - "GET /openapi.json HTTP/1.1" 200 OK
INFO:     2023-02-27 10:51:12,072---127.0.0.1:63290 - "POST /post/getpost HTTP/1.1" 200 OK
WARNING:  2023-02-27 10:51:21,662---StatReload detected changes in 'schemas/PostSchemas.py'. Reloading...
INFO:     2023-02-27 10:51:21,692---Shutting down
INFO:     2023-02-27 10:51:21,795---Waiting for application shutdown.
INFO:     2023-02-27 10:51:21,796---Application shutdown complete.
INFO:     2023-02-27 10:51:21,797---Finished server process [6030]
INFO:     2023-02-27 10:51:22,449---Started server process [6042]
INFO:     2023-02-27 10:51:22,449---Waiting for application startup.
INFO:     2023-02-27 10:51:22,449---Application startup complete.
INFO:     2023-02-27 10:51:22,450---127.0.0.1:63296 - "GET /docs HTTP/1.1" 200 OK
INFO:     2023-02-27 10:51:22,540---127.0.0.1:63296 - "GET /openapi.json HTTP/1.1" 200 OK
INFO:     2023-02-27 10:51:26,105---127.0.0.1:63296 - "POST /post/getpost HTTP/1.1" 200 OK
INFO:     2023-02-27 10:51:35,123---127.0.0.1:63297 - "POST /post/getpost HTTP/1.1" 200 OK
WARNING:  2023-02-27 10:53:55,271---StatReload detected changes in 'api/PostApi.py'. Reloading...
INFO:     2023-02-27 10:53:55,298---Shutting down
INFO:     2023-02-27 10:53:55,401---Waiting for application shutdown.
INFO:     2023-02-27 10:53:55,401---Application shutdown complete.
INFO:     2023-02-27 10:53:55,401---Finished server process [6042]
INFO:     2023-02-27 10:53:56,472---Started server process [6181]
INFO:     2023-02-27 10:53:56,472---Waiting for application startup.
INFO:     2023-02-27 10:53:56,472---Application startup complete.
INFO:     2023-02-27 10:55:38,716---127.0.0.1:63461 - "OPTIONS /post/postcategory HTTP/1.1" 200 OK
INFO:     2023-02-27 10:55:38,735---127.0.0.1:63459 - "GET /avatar/1-1677426585.jpeg HTTP/1.1" 200 OK
INFO:     2023-02-27 10:55:38,755---127.0.0.1:63461 - "GET /post/postcategory HTTP/1.1" 200 OK
INFO:     2023-02-27 10:55:45,557---127.0.0.1:63475 - "GET /post/postcategory HTTP/1.1" 200 OK
INFO:     2023-02-27 10:55:46,508---127.0.0.1:63475 - "GET /post/postcategory HTTP/1.1" 200 OK
INFO:     2023-02-27 10:55:50,857---127.0.0.1:63475 - "GET /post/postcategory HTTP/1.1" 200 OK
INFO:     2023-02-27 10:57:06,504---127.0.0.1:63529 - "GET /post/postcategory HTTP/1.1" 200 OK
WARNING:  2023-02-27 10:57:42,063---StatReload detected changes in 'curd.py'. Reloading...
INFO:     2023-02-27 10:57:42,147---Shutting down
INFO:     2023-02-27 10:57:42,249---Waiting for application shutdown.
INFO:     2023-02-27 10:57:42,250---Application shutdown complete.
INFO:     2023-02-27 10:57:42,251---Finished server process [6181]
INFO:     2023-02-27 10:57:42,823---Started server process [6298]
INFO:     2023-02-27 10:57:42,824---Waiting for application startup.
INFO:     2023-02-27 10:57:42,824---Application startup complete.
WARNING:  2023-02-27 10:58:31,502---StatReload detected changes in 'curd.py'. Reloading...
INFO:     2023-02-27 10:58:31,578---Shutting down
INFO:     2023-02-27 10:58:31,680---Waiting for application shutdown.
INFO:     2023-02-27 10:58:31,681---Application shutdown complete.
INFO:     2023-02-27 10:58:31,682---Finished server process [6298]
INFO:     2023-02-27 10:58:32,281---Started server process [6334]
INFO:     2023-02-27 10:58:32,281---Waiting for application startup.
INFO:     2023-02-27 10:58:32,281---Application startup complete.
WARNING:  2023-02-27 10:58:48,048---StatReload detected changes in 'curd.py'. Reloading...
INFO:     2023-02-27 10:58:48,078---Shutting down
INFO:     2023-02-27 10:58:48,180---Waiting for application shutdown.
INFO:     2023-02-27 10:58:48,181---Application shutdown complete.
INFO:     2023-02-27 10:58:48,181---Finished server process [6334]
INFO:     2023-02-27 10:58:48,754---Started server process [6357]
INFO:     2023-02-27 10:58:48,755---Waiting for application startup.
INFO:     2023-02-27 10:58:48,755---Application startup complete.
WARNING:  2023-02-27 10:59:42,511---StatReload detected changes in 'curd.py'. Reloading...
INFO:     2023-02-27 10:59:42,601---Shutting down
INFO:     2023-02-27 10:59:42,703---Waiting for application shutdown.
INFO:     2023-02-27 10:59:42,704---Application shutdown complete.
INFO:     2023-02-27 10:59:42,704---Finished server process [6357]
INFO:     2023-02-27 10:59:43,336---Started server process [6385]
INFO:     2023-02-27 10:59:43,337---Waiting for application startup.
INFO:     2023-02-27 10:59:43,337---Application startup complete.
INFO:     2023-02-27 11:00:11,377---127.0.0.1:63805 - "GET /post/postcategory HTTP/1.1" 200 OK
WARNING:  2023-02-27 11:02:03,869---StatReload detected changes in 'curd.py'. Reloading...
INFO:     2023-02-27 11:02:03,941---Shutting down
INFO:     2023-02-27 11:02:04,043---Waiting for application shutdown.
INFO:     2023-02-27 11:02:04,043---Application shutdown complete.
INFO:     2023-02-27 11:02:04,044---Finished server process [6385]
INFO:     2023-02-27 11:02:04,451---Started server process [6488]
INFO:     2023-02-27 11:02:04,451---Waiting for application startup.
INFO:     2023-02-27 11:02:04,451---Application startup complete.
WARNING:  2023-02-27 11:02:35,903---StatReload detected changes in 'curd.py'. Reloading...
INFO:     2023-02-27 11:02:35,905---Shutting down
INFO:     2023-02-27 11:02:36,006---Waiting for application shutdown.
INFO:     2023-02-27 11:02:36,006---Application shutdown complete.
INFO:     2023-02-27 11:02:36,007---Finished server process [6488]
INFO:     2023-02-27 11:02:36,466---Started server process [6508]
INFO:     2023-02-27 11:02:36,466---Waiting for application startup.
INFO:     2023-02-27 11:02:36,466---Application startup complete.
WARNING:  2023-02-27 11:04:45,998---StatReload detected changes in 'curd.py'. Reloading...
INFO:     2023-02-27 11:04:46,055---Shutting down
INFO:     2023-02-27 11:04:46,162---Waiting for application shutdown.
INFO:     2023-02-27 11:04:46,164---Application shutdown complete.
INFO:     2023-02-27 11:04:46,164---Finished server process [6508]
INFO:     2023-02-27 11:04:47,936---Started server process [6561]
INFO:     2023-02-27 11:04:47,936---Waiting for application startup.
INFO:     2023-02-27 11:04:47,937---Application startup complete.
WARNING:  2023-02-27 11:05:49,871---StatReload detected changes in 'curd.py'. Reloading...
INFO:     2023-02-27 11:05:49,966---Shutting down
INFO:     2023-02-27 11:05:50,068---Waiting for application shutdown.
INFO:     2023-02-27 11:05:50,069---Application shutdown complete.
INFO:     2023-02-27 11:05:50,069---Finished server process [6561]
INFO:     2023-02-27 11:05:50,449---Started server process [6587]
INFO:     2023-02-27 11:05:50,449---Waiting for application startup.
INFO:     2023-02-27 11:05:50,450---Application startup complete.
WARNING:  2023-02-27 11:07:56,081---StatReload detected changes in 'models/PostModel.py'. Reloading...
INFO:     2023-02-27 11:07:56,175---Shutting down
INFO:     2023-02-27 11:07:56,278---Waiting for application shutdown.
INFO:     2023-02-27 11:07:56,280---Application shutdown complete.
INFO:     2023-02-27 11:07:56,280---Finished server process [6587]
INFO:     2023-02-27 11:07:56,788---Started server process [6630]
INFO:     2023-02-27 11:07:56,788---Waiting for application startup.
INFO:     2023-02-27 11:07:56,788---Application startup complete.
WARNING:  2023-02-27 11:10:23,270---StatReload detected changes in 'models/UserModel.py'. Reloading...
INFO:     2023-02-27 11:10:23,370---Shutting down
INFO:     2023-02-27 11:10:23,472---Waiting for application shutdown.
INFO:     2023-02-27 11:10:23,474---Application shutdown complete.
INFO:     2023-02-27 11:10:23,475---Finished server process [6630]
INFO:     2023-02-27 11:10:24,241---Started server process [6742]
INFO:     2023-02-27 11:10:24,241---Waiting for application startup.
INFO:     2023-02-27 11:10:24,241---Application startup complete.
INFO:     2023-02-27 11:15:11,946---Shutting down
INFO:     2023-02-27 11:15:12,049---Waiting for application shutdown.
INFO:     2023-02-27 11:15:12,050---Application shutdown complete.
INFO:     2023-02-27 11:15:12,050---Finished server process [6742]
INFO:     2023-02-27 11:15:12,105---Stopping reloader process [5789]
INFO:     2023-02-27 11:15:12,744---Will watch for changes in these directories: ['/Users/zly/Desktop/mygit/MyFastApi/app']
INFO:     2023-02-27 11:15:12,744---Uvicorn running on http://127.0.0.1:6060 (Press CTRL+C to quit)
INFO:     2023-02-27 11:15:12,744---Started reloader process [6855] using StatReload
INFO:     2023-02-27 11:15:13,037---Started server process [6857]
INFO:     2023-02-27 11:15:13,038---Waiting for application startup.
INFO:     2023-02-27 11:15:13,038---Application startup complete.
INFO:     2023-02-27 11:15:22,318---Êúâ‰∫∫ËÆøÈóÆapiÈ°µÈù¢
INFO:     2023-02-27 11:15:22,319---127.0.0.1:50599 - "GET / HTTP/1.1" 307 Temporary Redirect
INFO:     2023-02-27 11:15:22,324---127.0.0.1:50599 - "GET /docs HTTP/1.1" 200 OK
INFO:     2023-02-27 11:15:22,466---127.0.0.1:50599 - "GET /openapi.json HTTP/1.1" 200 OK
INFO:     2023-02-27 11:15:31,926---127.0.0.1:50660 - "OPTIONS /user/register HTTP/1.1" 200 OK
INFO:     2023-02-27 11:15:31,936---Êúâ‰∫∫ËÆøÈóÆÊ≥®ÂÜå‰∫Ü
INFO:     2023-02-27 11:15:31,990---127.0.0.1:50660 - "POST /user/register HTTP/1.1" 200 OK
INFO:     2023-02-27 11:15:39,126---127.0.0.1:50693 - "OPTIONS /user/login HTTP/1.1" 200 OK
INFO:     2023-02-27 11:15:39,152---127.0.0.1:50693 - "POST /user/login HTTP/1.1" 200 OK
INFO:     2023-02-27 11:15:39,177---127.0.0.1:50693 - "OPTIONS /user/userinfo HTTP/1.1" 200 OK
INFO:     2023-02-27 11:15:39,187---127.0.0.1:50693 - "GET /user/userinfo HTTP/1.1" 200 OK
WARNING:  2023-02-27 11:16:06,990---StatReload detected changes in 'api/UserApi.py'. Reloading...
INFO:     2023-02-27 11:16:07,022---Shutting down
INFO:     2023-02-27 11:16:07,124---Waiting for application shutdown.
INFO:     2023-02-27 11:16:07,125---Application shutdown complete.
INFO:     2023-02-27 11:16:07,125---Finished server process [6857]
INFO:     2023-02-27 11:16:07,838---Started server process [6915]
INFO:     2023-02-27 11:16:07,838---Waiting for application startup.
INFO:     2023-02-27 11:16:07,839---Application startup complete.
INFO:     2023-02-27 11:16:14,239---127.0.0.1:50865 - "POST /user/login HTTP/1.1" 200 OK
INFO:     2023-02-27 11:16:14,262---127.0.0.1:50865 - "GET /user/userinfo HTTP/1.1" 200 OK
WARNING:  2023-02-27 11:16:49,314---StatReload detected changes in 'api/UserApi.py'. Reloading...
INFO:     2023-02-27 11:16:49,380---Shutting down
INFO:     2023-02-27 11:16:49,482---Waiting for application shutdown.
INFO:     2023-02-27 11:16:49,483---Application shutdown complete.
INFO:     2023-02-27 11:16:49,484---Finished server process [6915]
INFO:     2023-02-27 11:16:50,015---Started server process [6952]
INFO:     2023-02-27 11:16:50,016---Waiting for application startup.
INFO:     2023-02-27 11:16:50,016---Application startup complete.
INFO:     2023-02-27 11:16:52,256---127.0.0.1:51039 - "GET /user/userinfo HTTP/1.1" 200 OK
INFO:     2023-02-27 11:17:00,033---127.0.0.1:51089 - "OPTIONS /user/image/upload HTTP/1.1" 200 OK
INFO:     2023-02-27 11:17:00,069---127.0.0.1:51089 - "POST /user/image/upload HTTP/1.1" 200 OK
INFO:     2023-02-27 11:17:04,454---127.0.0.1:51089 - "OPTIONS /user/edituserinfo HTTP/1.1" 200 OK
INFO:     2023-02-27 11:17:04,515---127.0.0.1:51089 - "POST /user/edituserinfo HTTP/1.1" 200 OK
INFO:     2023-02-27 11:17:04,533---127.0.0.1:51110 - "GET /avatar/1-1677467820.jpeg HTTP/1.1" 200 OK
INFO:     2023-02-27 11:17:06,026---127.0.0.1:51110 - "GET /avatar/1-1677467820.jpeg HTTP/1.1" 304 Not Modified
INFO:     2023-02-27 11:17:06,053---127.0.0.1:51089 - "GET /user/userinfo HTTP/1.1" 200 OK
INFO:     2023-02-27 11:19:04,215---127.0.0.1:51630 - "OPTIONS /post/postcategory HTTP/1.1" 200 OK
INFO:     2023-02-27 11:19:04,238---127.0.0.1:51630 - "GET /post/postcategory HTTP/1.1" 200 OK
INFO:     2023-02-27 11:19:07,170---127.0.0.1:51630 - "GET /post/postcategory HTTP/1.1" 200 OK
INFO:     2023-02-27 11:19:10,615---127.0.0.1:51630 - "GET /post/postcategory HTTP/1.1" 200 OK
WARNING:  2023-02-27 11:21:09,737---StatReload detected changes in 'models/PostModel.py'. Reloading...
INFO:     2023-02-27 11:21:09,740---Shutting down
INFO:     2023-02-27 11:21:09,843---Waiting for application shutdown.
INFO:     2023-02-27 11:21:09,858---Application shutdown complete.
INFO:     2023-02-27 11:21:09,858---Finished server process [6952]
INFO:     2023-02-27 11:21:10,535---Started server process [7096]
INFO:     2023-02-27 11:21:10,535---Waiting for application startup.
INFO:     2023-02-27 11:21:10,535---Application startup complete.
INFO:     2023-02-27 11:21:43,630---Êúâ‰∫∫ËÆøÈóÆÊ≥®ÂÜå‰∫Ü
INFO:     2023-02-27 11:21:43,683---127.0.0.1:52325 - "POST /user/register HTTP/1.1" 200 OK
INFO:     2023-02-27 11:21:50,149---Êúâ‰∫∫ËÆøÈóÆÊ≥®ÂÜå‰∫Ü
INFO:     2023-02-27 11:21:50,162---127.0.0.1:52352 - "POST /user/register HTTP/1.1" 200 OK
INFO:     2023-02-27 11:21:52,866---Êúâ‰∫∫ËÆøÈóÆÊ≥®ÂÜå‰∫Ü
INFO:     2023-02-27 11:21:52,875---127.0.0.1:52352 - "POST /user/register HTTP/1.1" 200 OK
INFO:     2023-02-27 11:21:55,482---Êúâ‰∫∫ËÆøÈóÆÊ≥®ÂÜå‰∫Ü
INFO:     2023-02-27 11:21:55,492---127.0.0.1:52352 - "POST /user/register HTTP/1.1" 200 OK
INFO:     2023-02-27 11:21:57,766---Êúâ‰∫∫ËÆøÈóÆÊ≥®ÂÜå‰∫Ü
INFO:     2023-02-27 11:21:57,779---127.0.0.1:52352 - "POST /user/register HTTP/1.1" 200 OK
WARNING:  2023-02-27 11:22:40,525---StatReload detected changes in 'models/PostModel.py'. Reloading...
INFO:     2023-02-27 11:22:40,602---Shutting down
INFO:     2023-02-27 11:22:40,705---Waiting for application shutdown.
INFO:     2023-02-27 11:22:40,706---Application shutdown complete.
INFO:     2023-02-27 11:22:40,707---Finished server process [7096]
INFO:     2023-02-27 11:22:41,420---Started server process [7132]
INFO:     2023-02-27 11:22:41,420---Waiting for application startup.
INFO:     2023-02-27 11:22:41,420---Application startup complete.
INFO:     2023-02-27 11:22:52,549---Shutting down
INFO:     2023-02-27 11:22:52,650---Waiting for application shutdown.
INFO:     2023-02-27 11:22:52,651---Application shutdown complete.
INFO:     2023-02-27 11:22:52,651---Finished server process [7132]
INFO:     2023-02-27 11:22:52,701---Stopping reloader process [6855]
INFO:     2023-02-27 11:22:53,167---Will watch for changes in these directories: ['/Users/zly/Desktop/mygit/MyFastApi/app']
INFO:     2023-02-27 11:22:53,167---Uvicorn running on http://127.0.0.1:6060 (Press CTRL+C to quit)
INFO:     2023-02-27 11:22:53,167---Started reloader process [7142] using StatReload
INFO:     2023-02-27 11:22:53,504---Started server process [7144]
INFO:     2023-02-27 11:22:53,504---Waiting for application startup.
INFO:     2023-02-27 11:22:53,505---Application startup complete.
WARNING:  2023-02-27 11:24:49,533---StatReload detected changes in 'curd.py'. Reloading...
INFO:     2023-02-27 11:24:49,583---Shutting down
INFO:     2023-02-27 11:24:49,684---Waiting for application shutdown.
INFO:     2023-02-27 11:24:49,685---Application shutdown complete.
INFO:     2023-02-27 11:24:49,685---Finished server process [7144]
INFO:     2023-02-27 11:24:50,072---Started server process [7213]
INFO:     2023-02-27 11:24:50,072---Waiting for application startup.
INFO:     2023-02-27 11:24:50,072---Application startup complete.
INFO:     2023-02-27 12:44:32,844---Shutting down
INFO:     2023-02-27 17:31:28,020---Will watch for changes in these directories: ['/Users/zly/Desktop/mygit/MyFastApi/app']
INFO:     2023-02-27 17:31:28,021---Uvicorn running on http://127.0.0.1:6060 (Press CTRL+C to quit)
INFO:     2023-02-27 17:31:28,021---Started reloader process [10456] using StatReload
INFO:     2023-02-27 17:31:28,322---Started server process [10458]
INFO:     2023-02-27 17:31:28,322---Waiting for application startup.
INFO:     2023-02-27 17:31:28,322---Application startup complete.
INFO:     2023-02-27 17:31:29,232---Shutting down
